ARM GAS  C:\Users\sergio\AppData\Local\Temp\cc539AuF.s 			page 1


   1              		.syntax unified
   2              		.cpu cortex-m0
   3              		.fpu softvfp
   4              		.eabi_attribute 20, 1
   5              		.eabi_attribute 21, 1
   6              		.eabi_attribute 23, 3
   7              		.eabi_attribute 24, 1
   8              		.eabi_attribute 25, 1
   9              		.eabi_attribute 26, 1
  10              		.eabi_attribute 30, 1
  11              		.eabi_attribute 34, 0
  12              		.eabi_attribute 18, 4
  13              		.thumb
  14              		.syntax unified
  15              		.file	"BLE_1_custom.c"
  16              		.text
  17              	.Ltext0:
  18              		.cfi_sections	.debug_frame
  19              		.section	.text.CyBle_CustomInit,"ax",%progbits
  20              		.align	2
  21              		.global	CyBle_CustomInit
  22              		.code	16
  23              		.thumb_func
  24              		.type	CyBle_CustomInit, %function
  25              	CyBle_CustomInit:
  26              	.LFB2:
  27              		.file 1 "Generated_Source\\PSoC4\\BLE_1_custom.c"
   1:Generated_Source\PSoC4/BLE_1_custom.c **** /***************************************************************************//**
   2:Generated_Source\PSoC4/BLE_1_custom.c **** * \file CYBLE_custom.c
   3:Generated_Source\PSoC4/BLE_1_custom.c **** * \version 3.61
   4:Generated_Source\PSoC4/BLE_1_custom.c **** * 
   5:Generated_Source\PSoC4/BLE_1_custom.c **** * \brief
   6:Generated_Source\PSoC4/BLE_1_custom.c **** *  Contains the source code for the Custom Service.
   7:Generated_Source\PSoC4/BLE_1_custom.c **** * 
   8:Generated_Source\PSoC4/BLE_1_custom.c **** ********************************************************************************
   9:Generated_Source\PSoC4/BLE_1_custom.c **** * \copyright
  10:Generated_Source\PSoC4/BLE_1_custom.c **** * Copyright 2014-2019, Cypress Semiconductor Corporation.  All rights reserved.
  11:Generated_Source\PSoC4/BLE_1_custom.c **** * You may use this file only in accordance with the license, terms, conditions,
  12:Generated_Source\PSoC4/BLE_1_custom.c **** * disclaimers, and limitations in the end user license agreement accompanying
  13:Generated_Source\PSoC4/BLE_1_custom.c **** * the software package with which this file was provided.
  14:Generated_Source\PSoC4/BLE_1_custom.c **** *******************************************************************************/
  15:Generated_Source\PSoC4/BLE_1_custom.c **** 
  16:Generated_Source\PSoC4/BLE_1_custom.c **** 
  17:Generated_Source\PSoC4/BLE_1_custom.c **** #include "BLE_1_eventHandler.h"
  18:Generated_Source\PSoC4/BLE_1_custom.c **** 
  19:Generated_Source\PSoC4/BLE_1_custom.c **** #ifdef CYBLE_CUSTOM_SERVER
  20:Generated_Source\PSoC4/BLE_1_custom.c **** 
  21:Generated_Source\PSoC4/BLE_1_custom.c **** /* If any custom service with custom characteristics is defined in the
  22:Generated_Source\PSoC4/BLE_1_custom.c **** * customizer's GUI their handles will be present in this array.
  23:Generated_Source\PSoC4/BLE_1_custom.c **** */
  24:Generated_Source\PSoC4/BLE_1_custom.c **** /* This array contains attribute handles for the defined Custom Services and their characteristics 
  25:Generated_Source\PSoC4/BLE_1_custom.c ****    The array index definitions are located in the CYBLE_custom.h file. */
  26:Generated_Source\PSoC4/BLE_1_custom.c **** const CYBLE_CUSTOMS_T cyBle_customs[0x01u] = {
  27:Generated_Source\PSoC4/BLE_1_custom.c **** 
  28:Generated_Source\PSoC4/BLE_1_custom.c ****     /* RVAC service */
  29:Generated_Source\PSoC4/BLE_1_custom.c ****     {
  30:Generated_Source\PSoC4/BLE_1_custom.c ****         0x0010u, /* Handle of the RVAC service */ 
ARM GAS  C:\Users\sergio\AppData\Local\Temp\cc539AuF.s 			page 2


  31:Generated_Source\PSoC4/BLE_1_custom.c ****         {
  32:Generated_Source\PSoC4/BLE_1_custom.c **** 
  33:Generated_Source\PSoC4/BLE_1_custom.c ****             /* sensor characteristic */
  34:Generated_Source\PSoC4/BLE_1_custom.c ****             {
  35:Generated_Source\PSoC4/BLE_1_custom.c ****                 0x0012u, /* Handle of the sensor characteristic */ 
  36:Generated_Source\PSoC4/BLE_1_custom.c ****                 
  37:Generated_Source\PSoC4/BLE_1_custom.c ****                 /* Array of Descriptors handles */
  38:Generated_Source\PSoC4/BLE_1_custom.c ****                 {
  39:Generated_Source\PSoC4/BLE_1_custom.c ****                     0x0013u, /* Handle of the sensorUserCCCD descriptor */ 
  40:Generated_Source\PSoC4/BLE_1_custom.c ****                     0x0014u, /* Handle of the sensorCCCD descriptor */ 
  41:Generated_Source\PSoC4/BLE_1_custom.c ****                 }, 
  42:Generated_Source\PSoC4/BLE_1_custom.c ****             },
  43:Generated_Source\PSoC4/BLE_1_custom.c **** 
  44:Generated_Source\PSoC4/BLE_1_custom.c ****             /* Thermostat characteristic */
  45:Generated_Source\PSoC4/BLE_1_custom.c ****             {
  46:Generated_Source\PSoC4/BLE_1_custom.c ****                 0x0016u, /* Handle of the Thermostat characteristic */ 
  47:Generated_Source\PSoC4/BLE_1_custom.c ****                 
  48:Generated_Source\PSoC4/BLE_1_custom.c ****                 /* Array of Descriptors handles */
  49:Generated_Source\PSoC4/BLE_1_custom.c ****                 {
  50:Generated_Source\PSoC4/BLE_1_custom.c ****                     0x0017u, /* Handle of the thermoCCCD descriptor */ 
  51:Generated_Source\PSoC4/BLE_1_custom.c ****                     0x0018u, /* Handle of the thermoUserCCCD descriptor */ 
  52:Generated_Source\PSoC4/BLE_1_custom.c ****                 }, 
  53:Generated_Source\PSoC4/BLE_1_custom.c ****             },
  54:Generated_Source\PSoC4/BLE_1_custom.c ****         }, 
  55:Generated_Source\PSoC4/BLE_1_custom.c ****     },
  56:Generated_Source\PSoC4/BLE_1_custom.c **** };
  57:Generated_Source\PSoC4/BLE_1_custom.c **** 
  58:Generated_Source\PSoC4/BLE_1_custom.c **** 
  59:Generated_Source\PSoC4/BLE_1_custom.c **** #endif /* (CYBLE_CUSTOM_SERVER) */
  60:Generated_Source\PSoC4/BLE_1_custom.c **** 
  61:Generated_Source\PSoC4/BLE_1_custom.c **** #ifdef CYBLE_CUSTOM_CLIENT
  62:Generated_Source\PSoC4/BLE_1_custom.c ****     
  63:Generated_Source\PSoC4/BLE_1_custom.c **** 
  64:Generated_Source\PSoC4/BLE_1_custom.c **** static uint16 cyBle_customDisServIndex;
  65:Generated_Source\PSoC4/BLE_1_custom.c **** static uint16 cyBle_customDisCharIndex;
  66:Generated_Source\PSoC4/BLE_1_custom.c **** 
  67:Generated_Source\PSoC4/BLE_1_custom.c **** #endif /* (CYBLE_CUSTOM_CLIENT) */
  68:Generated_Source\PSoC4/BLE_1_custom.c **** 
  69:Generated_Source\PSoC4/BLE_1_custom.c **** 
  70:Generated_Source\PSoC4/BLE_1_custom.c **** /****************************************************************************** 
  71:Generated_Source\PSoC4/BLE_1_custom.c **** * Function Name: CyBle_CustomInit
  72:Generated_Source\PSoC4/BLE_1_custom.c **** ***************************************************************************//**
  73:Generated_Source\PSoC4/BLE_1_custom.c **** * 
  74:Generated_Source\PSoC4/BLE_1_custom.c **** *  This function initializes Custom Service.
  75:Generated_Source\PSoC4/BLE_1_custom.c **** * 
  76:Generated_Source\PSoC4/BLE_1_custom.c **** * \return
  77:Generated_Source\PSoC4/BLE_1_custom.c **** *  None
  78:Generated_Source\PSoC4/BLE_1_custom.c **** * 
  79:Generated_Source\PSoC4/BLE_1_custom.c **** ******************************************************************************/
  80:Generated_Source\PSoC4/BLE_1_custom.c **** void CyBle_CustomInit(void)
  81:Generated_Source\PSoC4/BLE_1_custom.c **** {
  28              		.loc 1 81 0
  29              		.cfi_startproc
  30              		@ args = 0, pretend = 0, frame = 0
  31              		@ frame_needed = 0, uses_anonymous_args = 0
  32              		@ link register save eliminated.
  82:Generated_Source\PSoC4/BLE_1_custom.c ****     
ARM GAS  C:\Users\sergio\AppData\Local\Temp\cc539AuF.s 			page 3


  83:Generated_Source\PSoC4/BLE_1_custom.c **** #ifdef CYBLE_CUSTOM_CLIENT
  84:Generated_Source\PSoC4/BLE_1_custom.c **** 
  85:Generated_Source\PSoC4/BLE_1_custom.c ****     uint16 locServIndex;
  86:Generated_Source\PSoC4/BLE_1_custom.c ****     uint16 locCharIndex;
  87:Generated_Source\PSoC4/BLE_1_custom.c ****     uint16 locDescIndex;
  88:Generated_Source\PSoC4/BLE_1_custom.c ****     
  89:Generated_Source\PSoC4/BLE_1_custom.c ****     for(locServIndex = 0u; locServIndex < CYBLE_CUSTOMC_SERVICE_COUNT; locServIndex++)
  90:Generated_Source\PSoC4/BLE_1_custom.c ****     {
  91:Generated_Source\PSoC4/BLE_1_custom.c ****         if(cyBle_serverInfo[CYBLE_SRVI_CUSTOMS + locServIndex].range.startHandle == CYBLE_GATT_INVA
  92:Generated_Source\PSoC4/BLE_1_custom.c ****         {
  93:Generated_Source\PSoC4/BLE_1_custom.c ****             for(locCharIndex = 0u; locCharIndex < cyBle_customCServ[locServIndex].charCount; locCha
  94:Generated_Source\PSoC4/BLE_1_custom.c ****             {
  95:Generated_Source\PSoC4/BLE_1_custom.c ****                 cyBle_customCServ[locServIndex].customServChar[locCharIndex].
  96:Generated_Source\PSoC4/BLE_1_custom.c ****                     customServCharHandle = 0u;
  97:Generated_Source\PSoC4/BLE_1_custom.c ****                 
  98:Generated_Source\PSoC4/BLE_1_custom.c ****                 for(locDescIndex = 0u; locDescIndex < 
  99:Generated_Source\PSoC4/BLE_1_custom.c ****                     cyBle_customCServ[locServIndex].customServChar[locCharIndex].descCount; 
 100:Generated_Source\PSoC4/BLE_1_custom.c ****                         locDescIndex++)
 101:Generated_Source\PSoC4/BLE_1_custom.c ****                 {
 102:Generated_Source\PSoC4/BLE_1_custom.c ****                     cyBle_customCServ[locServIndex].customServChar[locCharIndex].
 103:Generated_Source\PSoC4/BLE_1_custom.c ****                         customServCharDesc[locDescIndex].descHandle = 0u;
 104:Generated_Source\PSoC4/BLE_1_custom.c ****                 }
 105:Generated_Source\PSoC4/BLE_1_custom.c ****             }
 106:Generated_Source\PSoC4/BLE_1_custom.c ****         }
 107:Generated_Source\PSoC4/BLE_1_custom.c ****     }
 108:Generated_Source\PSoC4/BLE_1_custom.c **** 
 109:Generated_Source\PSoC4/BLE_1_custom.c **** #endif /* (CYBLE_CUSTOM_CLIENT) */
 110:Generated_Source\PSoC4/BLE_1_custom.c **** }
  33              		.loc 1 110 0
  34              		@ sp needed
  35 0000 7047     		bx	lr
  36              		.cfi_endproc
  37              	.LFE2:
  38              		.size	CyBle_CustomInit, .-CyBle_CustomInit
  39              		.global	cyBle_customs
  40 0002 C046     		.section	.rodata
  41              		.align	2
  42              		.type	cyBle_customs, %object
  43              		.size	cyBle_customs, 14
  44              	cyBle_customs:
  45 0000 1000     		.short	16
  46 0002 1200     		.short	18
  47 0004 1300     		.short	19
  48 0006 1400     		.short	20
  49 0008 1600     		.short	22
  50 000a 1700     		.short	23
  51 000c 1800     		.short	24
  52              		.text
  53              	.Letext0:
  54              		.file 2 "Generated_Source\\PSoC4\\cytypes.h"
  55              		.file 3 "Generated_Source\\PSoC4\\BLE_1_StackGatt.h"
  56              		.file 4 "Generated_Source\\PSoC4\\BLE_1_custom.h"
  57              		.file 5 "Generated_Source\\PSoC4\\BLE_1_Stack.h"
  58              		.section	.debug_info,"",%progbits
  59              	.Ldebug_info0:
  60 0000 15030000 		.4byte	0x315
  61 0004 0400     		.2byte	0x4
ARM GAS  C:\Users\sergio\AppData\Local\Temp\cc539AuF.s 			page 4


  62 0006 00000000 		.4byte	.Ldebug_abbrev0
  63 000a 04       		.byte	0x4
  64 000b 01       		.uleb128 0x1
  65 000c EC010000 		.4byte	.LASF94
  66 0010 0C       		.byte	0xc
  67 0011 E4020000 		.4byte	.LASF95
  68 0015 2C080000 		.4byte	.LASF96
  69 0019 00000000 		.4byte	.Ldebug_ranges0+0
  70 001d 00000000 		.4byte	0
  71 0021 00000000 		.4byte	.Ldebug_line0
  72 0025 02       		.uleb128 0x2
  73 0026 01       		.byte	0x1
  74 0027 06       		.byte	0x6
  75 0028 B2050000 		.4byte	.LASF0
  76 002c 02       		.uleb128 0x2
  77 002d 01       		.byte	0x1
  78 002e 08       		.byte	0x8
  79 002f 39050000 		.4byte	.LASF1
  80 0033 02       		.uleb128 0x2
  81 0034 02       		.byte	0x2
  82 0035 05       		.byte	0x5
  83 0036 B7000000 		.4byte	.LASF2
  84 003a 02       		.uleb128 0x2
  85 003b 02       		.byte	0x2
  86 003c 07       		.byte	0x7
  87 003d 92070000 		.4byte	.LASF3
  88 0041 02       		.uleb128 0x2
  89 0042 04       		.byte	0x4
  90 0043 05       		.byte	0x5
  91 0044 E1030000 		.4byte	.LASF4
  92 0048 02       		.uleb128 0x2
  93 0049 04       		.byte	0x4
  94 004a 07       		.byte	0x7
  95 004b 43060000 		.4byte	.LASF5
  96 004f 02       		.uleb128 0x2
  97 0050 08       		.byte	0x8
  98 0051 05       		.byte	0x5
  99 0052 23010000 		.4byte	.LASF6
 100 0056 02       		.uleb128 0x2
 101 0057 08       		.byte	0x8
 102 0058 07       		.byte	0x7
 103 0059 94030000 		.4byte	.LASF7
 104 005d 03       		.uleb128 0x3
 105 005e 04       		.byte	0x4
 106 005f 05       		.byte	0x5
 107 0060 696E7400 		.ascii	"int\000"
 108 0064 02       		.uleb128 0x2
 109 0065 04       		.byte	0x4
 110 0066 07       		.byte	0x7
 111 0067 1B060000 		.4byte	.LASF8
 112 006b 04       		.uleb128 0x4
 113 006c C9070000 		.4byte	.LASF86
 114 0070 02       		.byte	0x2
 115 0071 E501     		.2byte	0x1e5
 116 0073 3A000000 		.4byte	0x3a
 117 0077 02       		.uleb128 0x2
 118 0078 04       		.byte	0x4
ARM GAS  C:\Users\sergio\AppData\Local\Temp\cc539AuF.s 			page 5


 119 0079 04       		.byte	0x4
 120 007a 2B030000 		.4byte	.LASF9
 121 007e 02       		.uleb128 0x2
 122 007f 08       		.byte	0x8
 123 0080 04       		.byte	0x4
 124 0081 88080000 		.4byte	.LASF10
 125 0085 02       		.uleb128 0x2
 126 0086 01       		.byte	0x1
 127 0087 08       		.byte	0x8
 128 0088 71070000 		.4byte	.LASF11
 129 008c 02       		.uleb128 0x2
 130 008d 08       		.byte	0x8
 131 008e 04       		.byte	0x4
 132 008f 07050000 		.4byte	.LASF12
 133 0093 02       		.uleb128 0x2
 134 0094 04       		.byte	0x4
 135 0095 07       		.byte	0x7
 136 0096 F9000000 		.4byte	.LASF13
 137 009a 05       		.uleb128 0x5
 138 009b 01       		.byte	0x1
 139 009c 2C000000 		.4byte	0x2c
 140 00a0 05       		.byte	0x5
 141 00a1 3501     		.2byte	0x135
 142 00a3 58020000 		.4byte	0x258
 143 00a7 06       		.uleb128 0x6
 144 00a8 CD020000 		.4byte	.LASF14
 145 00ac 00       		.byte	0
 146 00ad 06       		.uleb128 0x6
 147 00ae 86010000 		.4byte	.LASF15
 148 00b2 01       		.byte	0x1
 149 00b3 06       		.uleb128 0x6
 150 00b4 080A0000 		.4byte	.LASF16
 151 00b8 02       		.byte	0x2
 152 00b9 06       		.uleb128 0x6
 153 00ba E4080000 		.4byte	.LASF17
 154 00be 03       		.byte	0x3
 155 00bf 06       		.uleb128 0x6
 156 00c0 42010000 		.4byte	.LASF18
 157 00c4 04       		.byte	0x4
 158 00c5 06       		.uleb128 0x6
 159 00c6 73040000 		.4byte	.LASF19
 160 00ca 05       		.byte	0x5
 161 00cb 06       		.uleb128 0x6
 162 00cc 3E000000 		.4byte	.LASF20
 163 00d0 06       		.byte	0x6
 164 00d1 06       		.uleb128 0x6
 165 00d2 A5070000 		.4byte	.LASF21
 166 00d6 20       		.byte	0x20
 167 00d7 06       		.uleb128 0x6
 168 00d8 55060000 		.4byte	.LASF22
 169 00dc 21       		.byte	0x21
 170 00dd 06       		.uleb128 0x6
 171 00de 00000000 		.4byte	.LASF23
 172 00e2 22       		.byte	0x22
 173 00e3 06       		.uleb128 0x6
 174 00e4 8F040000 		.4byte	.LASF24
 175 00e8 23       		.byte	0x23
ARM GAS  C:\Users\sergio\AppData\Local\Temp\cc539AuF.s 			page 6


 176 00e9 06       		.uleb128 0x6
 177 00ea FF050000 		.4byte	.LASF25
 178 00ee 24       		.byte	0x24
 179 00ef 06       		.uleb128 0x6
 180 00f0 C1000000 		.4byte	.LASF26
 181 00f4 25       		.byte	0x25
 182 00f5 06       		.uleb128 0x6
 183 00f6 2A040000 		.4byte	.LASF27
 184 00fa 26       		.byte	0x26
 185 00fb 06       		.uleb128 0x6
 186 00fc 0B040000 		.4byte	.LASF28
 187 0100 27       		.byte	0x27
 188 0101 06       		.uleb128 0x6
 189 0102 71000000 		.4byte	.LASF29
 190 0106 28       		.byte	0x28
 191 0107 06       		.uleb128 0x6
 192 0108 8D060000 		.4byte	.LASF30
 193 010c 29       		.byte	0x29
 194 010d 06       		.uleb128 0x6
 195 010e 21070000 		.4byte	.LASF31
 196 0112 2A       		.byte	0x2a
 197 0113 06       		.uleb128 0x6
 198 0114 0D080000 		.4byte	.LASF32
 199 0118 2B       		.byte	0x2b
 200 0119 06       		.uleb128 0x6
 201 011a E5060000 		.4byte	.LASF33
 202 011e 2C       		.byte	0x2c
 203 011f 06       		.uleb128 0x6
 204 0120 4A030000 		.4byte	.LASF34
 205 0124 2D       		.byte	0x2d
 206 0125 06       		.uleb128 0x6
 207 0126 93000000 		.4byte	.LASF35
 208 012a 2E       		.byte	0x2e
 209 012b 06       		.uleb128 0x6
 210 012c F20A0000 		.4byte	.LASF36
 211 0130 2F       		.byte	0x2f
 212 0131 06       		.uleb128 0x6
 213 0132 02010000 		.4byte	.LASF37
 214 0136 30       		.byte	0x30
 215 0137 06       		.uleb128 0x6
 216 0138 E3040000 		.4byte	.LASF38
 217 013c 31       		.byte	0x31
 218 013d 06       		.uleb128 0x6
 219 013e 73030000 		.4byte	.LASF39
 220 0142 32       		.byte	0x32
 221 0143 06       		.uleb128 0x6
 222 0144 4A070000 		.4byte	.LASF40
 223 0148 33       		.byte	0x33
 224 0149 06       		.uleb128 0x6
 225 014a AA060000 		.4byte	.LASF41
 226 014e 34       		.byte	0x34
 227 014f 06       		.uleb128 0x6
 228 0150 C7080000 		.4byte	.LASF42
 229 0154 35       		.byte	0x35
 230 0155 06       		.uleb128 0x6
 231 0156 C0030000 		.4byte	.LASF43
 232 015a 36       		.byte	0x36
ARM GAS  C:\Users\sergio\AppData\Local\Temp\cc539AuF.s 			page 7


 233 015b 06       		.uleb128 0x6
 234 015c 99010000 		.4byte	.LASF44
 235 0160 37       		.byte	0x37
 236 0161 06       		.uleb128 0x6
 237 0162 57000000 		.4byte	.LASF45
 238 0166 40       		.byte	0x40
 239 0167 06       		.uleb128 0x6
 240 0168 28060000 		.4byte	.LASF46
 241 016c 41       		.byte	0x41
 242 016d 06       		.uleb128 0x6
 243 016e DB000000 		.4byte	.LASF47
 244 0172 42       		.byte	0x42
 245 0173 06       		.uleb128 0x6
 246 0174 CE010000 		.4byte	.LASF48
 247 0178 43       		.byte	0x43
 248 0179 06       		.uleb128 0x6
 249 017a C6090000 		.4byte	.LASF49
 250 017e 44       		.byte	0x44
 251 017f 06       		.uleb128 0x6
 252 0180 60090000 		.4byte	.LASF50
 253 0184 45       		.byte	0x45
 254 0185 06       		.uleb128 0x6
 255 0186 A5090000 		.4byte	.LASF51
 256 018a 46       		.byte	0x46
 257 018b 06       		.uleb128 0x6
 258 018c 94050000 		.4byte	.LASF52
 259 0190 47       		.byte	0x47
 260 0191 06       		.uleb128 0x6
 261 0192 D8050000 		.4byte	.LASF53
 262 0196 48       		.byte	0x48
 263 0197 06       		.uleb128 0x6
 264 0198 31030000 		.4byte	.LASF54
 265 019c 49       		.byte	0x49
 266 019d 06       		.uleb128 0x6
 267 019e D0070000 		.4byte	.LASF55
 268 01a2 4A       		.byte	0x4a
 269 01a3 06       		.uleb128 0x6
 270 01a4 8D020000 		.4byte	.LASF56
 271 01a8 4B       		.byte	0x4b
 272 01a9 06       		.uleb128 0x6
 273 01aa BE050000 		.4byte	.LASF57
 274 01ae 4C       		.byte	0x4c
 275 01af 06       		.uleb128 0x6
 276 01b0 24000000 		.4byte	.LASF58
 277 01b4 4D       		.byte	0x4d
 278 01b5 06       		.uleb128 0x6
 279 01b6 87090000 		.4byte	.LASF59
 280 01ba 4E       		.byte	0x4e
 281 01bb 06       		.uleb128 0x6
 282 01bc 56050000 		.4byte	.LASF60
 283 01c0 4F       		.byte	0x4f
 284 01c1 06       		.uleb128 0x6
 285 01c2 730A0000 		.4byte	.LASF61
 286 01c6 50       		.byte	0x50
 287 01c7 06       		.uleb128 0x6
 288 01c8 EE070000 		.4byte	.LASF62
 289 01cc 51       		.byte	0x51
ARM GAS  C:\Users\sergio\AppData\Local\Temp\cc539AuF.s 			page 8


 290 01cd 06       		.uleb128 0x6
 291 01ce 52040000 		.4byte	.LASF63
 292 01d2 52       		.byte	0x52
 293 01d3 06       		.uleb128 0x6
 294 01d4 EA030000 		.4byte	.LASF64
 295 01d8 53       		.byte	0x53
 296 01d9 06       		.uleb128 0x6
 297 01da AC020000 		.4byte	.LASF65
 298 01de 54       		.byte	0x54
 299 01df 06       		.uleb128 0x6
 300 01e0 BC0A0000 		.4byte	.LASF66
 301 01e4 55       		.byte	0x55
 302 01e5 06       		.uleb128 0x6
 303 01e6 510A0000 		.4byte	.LASF67
 304 01ea 56       		.byte	0x56
 305 01eb 06       		.uleb128 0x6
 306 01ec 280A0000 		.4byte	.LASF68
 307 01f0 57       		.byte	0x57
 308 01f1 06       		.uleb128 0x6
 309 01f2 C2060000 		.4byte	.LASF69
 310 01f6 58       		.byte	0x58
 311 01f7 06       		.uleb128 0x6
 312 01f8 13050000 		.4byte	.LASF70
 313 01fc 70       		.byte	0x70
 314 01fd 06       		.uleb128 0x6
 315 01fe 1C090000 		.4byte	.LASF71
 316 0202 71       		.byte	0x71
 317 0203 06       		.uleb128 0x6
 318 0204 76070000 		.4byte	.LASF72
 319 0208 72       		.byte	0x72
 320 0209 06       		.uleb128 0x6
 321 020a 42090000 		.4byte	.LASF73
 322 020e 73       		.byte	0x73
 323 020f 06       		.uleb128 0x6
 324 0210 C5040000 		.4byte	.LASF74
 325 0214 74       		.byte	0x74
 326 0215 06       		.uleb128 0x6
 327 0216 6C060000 		.4byte	.LASF75
 328 021a 75       		.byte	0x75
 329 021b 06       		.uleb128 0x6
 330 021c 0A030000 		.4byte	.LASF76
 331 0220 76       		.byte	0x76
 332 0221 06       		.uleb128 0x6
 333 0222 FD080000 		.4byte	.LASF77
 334 0226 77       		.byte	0x77
 335 0227 06       		.uleb128 0x6
 336 0228 65080000 		.4byte	.LASF78
 337 022c 78       		.byte	0x78
 338 022d 06       		.uleb128 0x6
 339 022e 8F080000 		.4byte	.LASF79
 340 0232 79       		.byte	0x79
 341 0233 06       		.uleb128 0x6
 342 0234 E4090000 		.4byte	.LASF80
 343 0238 7A       		.byte	0x7a
 344 0239 06       		.uleb128 0x6
 345 023a 68010000 		.4byte	.LASF81
 346 023e FA       		.byte	0xfa
ARM GAS  C:\Users\sergio\AppData\Local\Temp\cc539AuF.s 			page 9


 347 023f 06       		.uleb128 0x6
 348 0240 75050000 		.4byte	.LASF82
 349 0244 FB       		.byte	0xfb
 350 0245 06       		.uleb128 0x6
 351 0246 E00A0000 		.4byte	.LASF83
 352 024a FC       		.byte	0xfc
 353 024b 06       		.uleb128 0x6
 354 024c 09070000 		.4byte	.LASF84
 355 0250 FD       		.byte	0xfd
 356 0251 06       		.uleb128 0x6
 357 0252 1A0A0000 		.4byte	.LASF85
 358 0256 FF       		.byte	0xff
 359 0257 00       		.byte	0
 360 0258 04       		.uleb128 0x4
 361 0259 920A0000 		.4byte	.LASF87
 362 025d 03       		.byte	0x3
 363 025e 8901     		.2byte	0x189
 364 0260 6B000000 		.4byte	0x6b
 365 0264 07       		.uleb128 0x7
 366 0265 06       		.byte	0x6
 367 0266 04       		.byte	0x4
 368 0267 4A       		.byte	0x4a
 369 0268 85020000 		.4byte	0x285
 370 026c 08       		.uleb128 0x8
 371 026d B2080000 		.4byte	.LASF88
 372 0271 04       		.byte	0x4
 373 0272 4D       		.byte	0x4d
 374 0273 58020000 		.4byte	0x258
 375 0277 00       		.byte	0
 376 0278 08       		.uleb128 0x8
 377 0279 7A020000 		.4byte	.LASF89
 378 027d 04       		.byte	0x4
 379 027e 4F       		.byte	0x4f
 380 027f 85020000 		.4byte	0x285
 381 0283 02       		.byte	0x2
 382 0284 00       		.byte	0
 383 0285 09       		.uleb128 0x9
 384 0286 58020000 		.4byte	0x258
 385 028a 95020000 		.4byte	0x295
 386 028e 0A       		.uleb128 0xa
 387 028f 93000000 		.4byte	0x93
 388 0293 01       		.byte	0x1
 389 0294 00       		.byte	0
 390 0295 0B       		.uleb128 0xb
 391 0296 AB030000 		.4byte	.LASF90
 392 029a 04       		.byte	0x4
 393 029b 51       		.byte	0x51
 394 029c 64020000 		.4byte	0x264
 395 02a0 07       		.uleb128 0x7
 396 02a1 0E       		.byte	0xe
 397 02a2 04       		.byte	0x4
 398 02a3 54       		.byte	0x54
 399 02a4 C1020000 		.4byte	0x2c1
 400 02a8 08       		.uleb128 0x8
 401 02a9 31010000 		.4byte	.LASF91
 402 02ad 04       		.byte	0x4
 403 02ae 57       		.byte	0x57
ARM GAS  C:\Users\sergio\AppData\Local\Temp\cc539AuF.s 			page 10


 404 02af 58020000 		.4byte	0x258
 405 02b3 00       		.byte	0
 406 02b4 08       		.uleb128 0x8
 407 02b5 47050000 		.4byte	.LASF92
 408 02b9 04       		.byte	0x4
 409 02ba 5A       		.byte	0x5a
 410 02bb C1020000 		.4byte	0x2c1
 411 02bf 02       		.byte	0x2
 412 02c0 00       		.byte	0
 413 02c1 09       		.uleb128 0x9
 414 02c2 95020000 		.4byte	0x295
 415 02c6 D1020000 		.4byte	0x2d1
 416 02ca 0A       		.uleb128 0xa
 417 02cb 93000000 		.4byte	0x93
 418 02cf 01       		.byte	0x1
 419 02d0 00       		.byte	0
 420 02d1 0B       		.uleb128 0xb
 421 02d2 B5040000 		.4byte	.LASF93
 422 02d6 04       		.byte	0x4
 423 02d7 5C       		.byte	0x5c
 424 02d8 A0020000 		.4byte	0x2a0
 425 02dc 0C       		.uleb128 0xc
 426 02dd 57010000 		.4byte	.LASF97
 427 02e1 01       		.byte	0x1
 428 02e2 50       		.byte	0x50
 429 02e3 00000000 		.4byte	.LFB2
 430 02e7 02000000 		.4byte	.LFE2-.LFB2
 431 02eb 01       		.uleb128 0x1
 432 02ec 9C       		.byte	0x9c
 433 02ed 09       		.uleb128 0x9
 434 02ee FD020000 		.4byte	0x2fd
 435 02f2 FD020000 		.4byte	0x2fd
 436 02f6 0A       		.uleb128 0xa
 437 02f7 93000000 		.4byte	0x93
 438 02fb 00       		.byte	0
 439 02fc 00       		.byte	0
 440 02fd 0D       		.uleb128 0xd
 441 02fe D1020000 		.4byte	0x2d1
 442 0302 0E       		.uleb128 0xe
 443 0303 AE0A0000 		.4byte	.LASF98
 444 0307 01       		.byte	0x1
 445 0308 1A       		.byte	0x1a
 446 0309 13030000 		.4byte	0x313
 447 030d 05       		.uleb128 0x5
 448 030e 03       		.byte	0x3
 449 030f 00000000 		.4byte	cyBle_customs
 450 0313 0D       		.uleb128 0xd
 451 0314 ED020000 		.4byte	0x2ed
 452 0318 00       		.byte	0
 453              		.section	.debug_abbrev,"",%progbits
 454              	.Ldebug_abbrev0:
 455 0000 01       		.uleb128 0x1
 456 0001 11       		.uleb128 0x11
 457 0002 01       		.byte	0x1
 458 0003 25       		.uleb128 0x25
 459 0004 0E       		.uleb128 0xe
 460 0005 13       		.uleb128 0x13
ARM GAS  C:\Users\sergio\AppData\Local\Temp\cc539AuF.s 			page 11


 461 0006 0B       		.uleb128 0xb
 462 0007 03       		.uleb128 0x3
 463 0008 0E       		.uleb128 0xe
 464 0009 1B       		.uleb128 0x1b
 465 000a 0E       		.uleb128 0xe
 466 000b 55       		.uleb128 0x55
 467 000c 17       		.uleb128 0x17
 468 000d 11       		.uleb128 0x11
 469 000e 01       		.uleb128 0x1
 470 000f 10       		.uleb128 0x10
 471 0010 17       		.uleb128 0x17
 472 0011 00       		.byte	0
 473 0012 00       		.byte	0
 474 0013 02       		.uleb128 0x2
 475 0014 24       		.uleb128 0x24
 476 0015 00       		.byte	0
 477 0016 0B       		.uleb128 0xb
 478 0017 0B       		.uleb128 0xb
 479 0018 3E       		.uleb128 0x3e
 480 0019 0B       		.uleb128 0xb
 481 001a 03       		.uleb128 0x3
 482 001b 0E       		.uleb128 0xe
 483 001c 00       		.byte	0
 484 001d 00       		.byte	0
 485 001e 03       		.uleb128 0x3
 486 001f 24       		.uleb128 0x24
 487 0020 00       		.byte	0
 488 0021 0B       		.uleb128 0xb
 489 0022 0B       		.uleb128 0xb
 490 0023 3E       		.uleb128 0x3e
 491 0024 0B       		.uleb128 0xb
 492 0025 03       		.uleb128 0x3
 493 0026 08       		.uleb128 0x8
 494 0027 00       		.byte	0
 495 0028 00       		.byte	0
 496 0029 04       		.uleb128 0x4
 497 002a 16       		.uleb128 0x16
 498 002b 00       		.byte	0
 499 002c 03       		.uleb128 0x3
 500 002d 0E       		.uleb128 0xe
 501 002e 3A       		.uleb128 0x3a
 502 002f 0B       		.uleb128 0xb
 503 0030 3B       		.uleb128 0x3b
 504 0031 05       		.uleb128 0x5
 505 0032 49       		.uleb128 0x49
 506 0033 13       		.uleb128 0x13
 507 0034 00       		.byte	0
 508 0035 00       		.byte	0
 509 0036 05       		.uleb128 0x5
 510 0037 04       		.uleb128 0x4
 511 0038 01       		.byte	0x1
 512 0039 0B       		.uleb128 0xb
 513 003a 0B       		.uleb128 0xb
 514 003b 49       		.uleb128 0x49
 515 003c 13       		.uleb128 0x13
 516 003d 3A       		.uleb128 0x3a
 517 003e 0B       		.uleb128 0xb
ARM GAS  C:\Users\sergio\AppData\Local\Temp\cc539AuF.s 			page 12


 518 003f 3B       		.uleb128 0x3b
 519 0040 05       		.uleb128 0x5
 520 0041 01       		.uleb128 0x1
 521 0042 13       		.uleb128 0x13
 522 0043 00       		.byte	0
 523 0044 00       		.byte	0
 524 0045 06       		.uleb128 0x6
 525 0046 28       		.uleb128 0x28
 526 0047 00       		.byte	0
 527 0048 03       		.uleb128 0x3
 528 0049 0E       		.uleb128 0xe
 529 004a 1C       		.uleb128 0x1c
 530 004b 0B       		.uleb128 0xb
 531 004c 00       		.byte	0
 532 004d 00       		.byte	0
 533 004e 07       		.uleb128 0x7
 534 004f 13       		.uleb128 0x13
 535 0050 01       		.byte	0x1
 536 0051 0B       		.uleb128 0xb
 537 0052 0B       		.uleb128 0xb
 538 0053 3A       		.uleb128 0x3a
 539 0054 0B       		.uleb128 0xb
 540 0055 3B       		.uleb128 0x3b
 541 0056 0B       		.uleb128 0xb
 542 0057 01       		.uleb128 0x1
 543 0058 13       		.uleb128 0x13
 544 0059 00       		.byte	0
 545 005a 00       		.byte	0
 546 005b 08       		.uleb128 0x8
 547 005c 0D       		.uleb128 0xd
 548 005d 00       		.byte	0
 549 005e 03       		.uleb128 0x3
 550 005f 0E       		.uleb128 0xe
 551 0060 3A       		.uleb128 0x3a
 552 0061 0B       		.uleb128 0xb
 553 0062 3B       		.uleb128 0x3b
 554 0063 0B       		.uleb128 0xb
 555 0064 49       		.uleb128 0x49
 556 0065 13       		.uleb128 0x13
 557 0066 38       		.uleb128 0x38
 558 0067 0B       		.uleb128 0xb
 559 0068 00       		.byte	0
 560 0069 00       		.byte	0
 561 006a 09       		.uleb128 0x9
 562 006b 01       		.uleb128 0x1
 563 006c 01       		.byte	0x1
 564 006d 49       		.uleb128 0x49
 565 006e 13       		.uleb128 0x13
 566 006f 01       		.uleb128 0x1
 567 0070 13       		.uleb128 0x13
 568 0071 00       		.byte	0
 569 0072 00       		.byte	0
 570 0073 0A       		.uleb128 0xa
 571 0074 21       		.uleb128 0x21
 572 0075 00       		.byte	0
 573 0076 49       		.uleb128 0x49
 574 0077 13       		.uleb128 0x13
ARM GAS  C:\Users\sergio\AppData\Local\Temp\cc539AuF.s 			page 13


 575 0078 2F       		.uleb128 0x2f
 576 0079 0B       		.uleb128 0xb
 577 007a 00       		.byte	0
 578 007b 00       		.byte	0
 579 007c 0B       		.uleb128 0xb
 580 007d 16       		.uleb128 0x16
 581 007e 00       		.byte	0
 582 007f 03       		.uleb128 0x3
 583 0080 0E       		.uleb128 0xe
 584 0081 3A       		.uleb128 0x3a
 585 0082 0B       		.uleb128 0xb
 586 0083 3B       		.uleb128 0x3b
 587 0084 0B       		.uleb128 0xb
 588 0085 49       		.uleb128 0x49
 589 0086 13       		.uleb128 0x13
 590 0087 00       		.byte	0
 591 0088 00       		.byte	0
 592 0089 0C       		.uleb128 0xc
 593 008a 2E       		.uleb128 0x2e
 594 008b 00       		.byte	0
 595 008c 3F       		.uleb128 0x3f
 596 008d 19       		.uleb128 0x19
 597 008e 03       		.uleb128 0x3
 598 008f 0E       		.uleb128 0xe
 599 0090 3A       		.uleb128 0x3a
 600 0091 0B       		.uleb128 0xb
 601 0092 3B       		.uleb128 0x3b
 602 0093 0B       		.uleb128 0xb
 603 0094 27       		.uleb128 0x27
 604 0095 19       		.uleb128 0x19
 605 0096 11       		.uleb128 0x11
 606 0097 01       		.uleb128 0x1
 607 0098 12       		.uleb128 0x12
 608 0099 06       		.uleb128 0x6
 609 009a 40       		.uleb128 0x40
 610 009b 18       		.uleb128 0x18
 611 009c 9742     		.uleb128 0x2117
 612 009e 19       		.uleb128 0x19
 613 009f 00       		.byte	0
 614 00a0 00       		.byte	0
 615 00a1 0D       		.uleb128 0xd
 616 00a2 26       		.uleb128 0x26
 617 00a3 00       		.byte	0
 618 00a4 49       		.uleb128 0x49
 619 00a5 13       		.uleb128 0x13
 620 00a6 00       		.byte	0
 621 00a7 00       		.byte	0
 622 00a8 0E       		.uleb128 0xe
 623 00a9 34       		.uleb128 0x34
 624 00aa 00       		.byte	0
 625 00ab 03       		.uleb128 0x3
 626 00ac 0E       		.uleb128 0xe
 627 00ad 3A       		.uleb128 0x3a
 628 00ae 0B       		.uleb128 0xb
 629 00af 3B       		.uleb128 0x3b
 630 00b0 0B       		.uleb128 0xb
 631 00b1 49       		.uleb128 0x49
ARM GAS  C:\Users\sergio\AppData\Local\Temp\cc539AuF.s 			page 14


 632 00b2 13       		.uleb128 0x13
 633 00b3 3F       		.uleb128 0x3f
 634 00b4 19       		.uleb128 0x19
 635 00b5 02       		.uleb128 0x2
 636 00b6 18       		.uleb128 0x18
 637 00b7 00       		.byte	0
 638 00b8 00       		.byte	0
 639 00b9 00       		.byte	0
 640              		.section	.debug_aranges,"",%progbits
 641 0000 1C000000 		.4byte	0x1c
 642 0004 0200     		.2byte	0x2
 643 0006 00000000 		.4byte	.Ldebug_info0
 644 000a 04       		.byte	0x4
 645 000b 00       		.byte	0
 646 000c 0000     		.2byte	0
 647 000e 0000     		.2byte	0
 648 0010 00000000 		.4byte	.LFB2
 649 0014 02000000 		.4byte	.LFE2-.LFB2
 650 0018 00000000 		.4byte	0
 651 001c 00000000 		.4byte	0
 652              		.section	.debug_ranges,"",%progbits
 653              	.Ldebug_ranges0:
 654 0000 00000000 		.4byte	.LFB2
 655 0004 02000000 		.4byte	.LFE2
 656 0008 00000000 		.4byte	0
 657 000c 00000000 		.4byte	0
 658              		.section	.debug_line,"",%progbits
 659              	.Ldebug_line0:
 660 0000 9A000000 		.section	.debug_str,"MS",%progbits,1
 660      02008100 
 660      00000201 
 660      FB0E0D00 
 660      01010101 
 661              	.LASF23:
 662 0000 4359424C 		.ascii	"CYBLE_EVT_GAP_PASSKEY_ENTRY_REQUEST\000"
 662      455F4556 
 662      545F4741 
 662      505F5041 
 662      53534B45 
 663              	.LASF58:
 664 0024 4359424C 		.ascii	"CYBLE_EVT_GATTC_WRITE_RSP\000"
 664      455F4556 
 664      545F4741 
 664      5454435F 
 664      57524954 
 665              	.LASF20:
 666 003e 4359424C 		.ascii	"CYBLE_EVT_MEMORY_REQUEST\000"
 666      455F4556 
 666      545F4D45 
 666      4D4F5259 
 666      5F524551 
 667              	.LASF45:
 668 0057 4359424C 		.ascii	"CYBLE_EVT_GATTC_ERROR_RSP\000"
 668      455F4556 
 668      545F4741 
 668      5454435F 
 668      4552524F 
ARM GAS  C:\Users\sergio\AppData\Local\Temp\cc539AuF.s 			page 15


 669              	.LASF29:
 670 0071 4359424C 		.ascii	"CYBLE_EVT_GAP_DEVICE_DISCONNECTED\000"
 670      455F4556 
 670      545F4741 
 670      505F4445 
 670      56494345 
 671              	.LASF35:
 672 0093 4359424C 		.ascii	"CYBLE_EVT_GAP_KEYPRESS_NOTIFICATION\000"
 672      455F4556 
 672      545F4741 
 672      505F4B45 
 672      59505245 
 673              	.LASF2:
 674 00b7 73686F72 		.ascii	"short int\000"
 674      7420696E 
 674      7400
 675              	.LASF26:
 676 00c1 4359424C 		.ascii	"CYBLE_EVT_GAP_AUTH_FAILED\000"
 676      455F4556 
 676      545F4741 
 676      505F4155 
 676      54485F46 
 677              	.LASF47:
 678 00db 4359424C 		.ascii	"CYBLE_EVT_GATT_DISCONNECT_IND\000"
 678      455F4556 
 678      545F4741 
 678      54545F44 
 678      4953434F 
 679              	.LASF13:
 680 00f9 73697A65 		.ascii	"sizetype\000"
 680      74797065 
 680      00
 681              	.LASF37:
 682 0102 4359424C 		.ascii	"CYBLE_EVT_GAP_DATA_LENGTH_CHANGE\000"
 682      455F4556 
 682      545F4741 
 682      505F4441 
 682      54415F4C 
 683              	.LASF6:
 684 0123 6C6F6E67 		.ascii	"long long int\000"
 684      206C6F6E 
 684      6720696E 
 684      7400
 685              	.LASF91:
 686 0131 63757374 		.ascii	"customServHandle\000"
 686      6F6D5365 
 686      72764861 
 686      6E646C65 
 686      00
 687              	.LASF18:
 688 0142 4359424C 		.ascii	"CYBLE_EVT_HCI_STATUS\000"
 688      455F4556 
 688      545F4843 
 688      495F5354 
 688      41545553 
 689              	.LASF97:
 690 0157 4379426C 		.ascii	"CyBle_CustomInit\000"
ARM GAS  C:\Users\sergio\AppData\Local\Temp\cc539AuF.s 			page 16


 690      655F4375 
 690      73746F6D 
 690      496E6974 
 690      00
 691              	.LASF81:
 692 0168 4359424C 		.ascii	"CYBLE_EVT_PENDING_FLASH_WRITE\000"
 692      455F4556 
 692      545F5045 
 692      4E44494E 
 692      475F464C 
 693              	.LASF15:
 694 0186 4359424C 		.ascii	"CYBLE_EVT_STACK_ON\000"
 694      455F4556 
 694      545F5354 
 694      41434B5F 
 694      4F4E00
 695              	.LASF44:
 696 0199 4359424C 		.ascii	"CYBLE_EVT_GAP_SMP_LOC_P256_KEYS_GEN_AND_SET_COMPLET"
 696      455F4556 
 696      545F4741 
 696      505F534D 
 696      505F4C4F 
 697 01cc 4500     		.ascii	"E\000"
 698              	.LASF48:
 699 01ce 4359424C 		.ascii	"CYBLE_EVT_GATTS_XCNHG_MTU_REQ\000"
 699      455F4556 
 699      545F4741 
 699      5454535F 
 699      58434E48 
 700              	.LASF94:
 701 01ec 474E5520 		.ascii	"GNU C11 5.4.1 20160609 (release) [ARM/embedded-5-br"
 701      43313120 
 701      352E342E 
 701      31203230 
 701      31363036 
 702 021f 616E6368 		.ascii	"anch revision 237715] -mcpu=cortex-m0 -mthumb -g -O"
 702      20726576 
 702      6973696F 
 702      6E203233 
 702      37373135 
 703 0252 67202D66 		.ascii	"g -ffunction-sections -ffat-lto-objects\000"
 703      66756E63 
 703      74696F6E 
 703      2D736563 
 703      74696F6E 
 704              	.LASF89:
 705 027a 63757374 		.ascii	"customServCharDesc\000"
 705      6F6D5365 
 705      72764368 
 705      61724465 
 705      736300
 706              	.LASF56:
 707 028d 4359424C 		.ascii	"CYBLE_EVT_GATTC_READ_MULTI_RSP\000"
 707      455F4556 
 707      545F4741 
 707      5454435F 
 707      52454144 
ARM GAS  C:\Users\sergio\AppData\Local\Temp\cc539AuF.s 			page 17


 708              	.LASF65:
 709 02ac 4359424C 		.ascii	"CYBLE_EVT_GATTS_HANDLE_VALUE_CNF\000"
 709      455F4556 
 709      545F4741 
 709      5454535F 
 709      48414E44 
 710              	.LASF14:
 711 02cd 4359424C 		.ascii	"CYBLE_EVT_HOST_INVALID\000"
 711      455F4556 
 711      545F484F 
 711      53545F49 
 711      4E56414C 
 712              	.LASF95:
 713 02e4 47656E65 		.ascii	"Generated_Source\\PSoC4\\BLE_1_custom.c\000"
 713      72617465 
 713      645F536F 
 713      75726365 
 713      5C50536F 
 714              	.LASF76:
 715 030a 4359424C 		.ascii	"CYBLE_EVT_L2CAP_CBFC_DISCONN_CNF\000"
 715      455F4556 
 715      545F4C32 
 715      4341505F 
 715      43424643 
 716              	.LASF9:
 717 032b 666C6F61 		.ascii	"float\000"
 717      7400
 718              	.LASF54:
 719 0331 4359424C 		.ascii	"CYBLE_EVT_GATTC_READ_RSP\000"
 719      455F4556 
 719      545F4741 
 719      5454435F 
 719      52454144 
 720              	.LASF34:
 721 034a 4359424C 		.ascii	"CYBLE_EVT_GAP_NUMERIC_COMPARISON_REQUEST\000"
 721      455F4556 
 721      545F4741 
 721      505F4E55 
 721      4D455249 
 722              	.LASF39:
 723 0373 4359424C 		.ascii	"CYBLE_EVT_GAPC_DIRECT_ADV_REPORT\000"
 723      455F4556 
 723      545F4741 
 723      50435F44 
 723      49524543 
 724              	.LASF7:
 725 0394 6C6F6E67 		.ascii	"long long unsigned int\000"
 725      206C6F6E 
 725      6720756E 
 725      7369676E 
 725      65642069 
 726              	.LASF90:
 727 03ab 4359424C 		.ascii	"CYBLE_CUSTOMS_INFO_T\000"
 727      455F4355 
 727      53544F4D 
 727      535F494E 
 727      464F5F54 
ARM GAS  C:\Users\sergio\AppData\Local\Temp\cc539AuF.s 			page 18


 728              	.LASF43:
 729 03c0 4359424C 		.ascii	"CYBLE_EVT_GAP_AUTH_REQ_REPLY_ERR\000"
 729      455F4556 
 729      545F4741 
 729      505F4155 
 729      54485F52 
 730              	.LASF4:
 731 03e1 6C6F6E67 		.ascii	"long int\000"
 731      20696E74 
 731      00
 732              	.LASF64:
 733 03ea 4359424C 		.ascii	"CYBLE_EVT_GATTC_HANDLE_VALUE_IND\000"
 733      455F4556 
 733      545F4741 
 733      5454435F 
 733      48414E44 
 734              	.LASF28:
 735 040b 4359424C 		.ascii	"CYBLE_EVT_GAP_DEVICE_CONNECTED\000"
 735      455F4556 
 735      545F4741 
 735      505F4445 
 735      56494345 
 736              	.LASF27:
 737 042a 4359424C 		.ascii	"CYBLE_EVT_GAPP_ADVERTISEMENT_START_STOP\000"
 737      455F4556 
 737      545F4741 
 737      50505F41 
 737      44564552 
 738              	.LASF63:
 739 0452 4359424C 		.ascii	"CYBLE_EVT_GATTC_HANDLE_VALUE_NTF\000"
 739      455F4556 
 739      545F4741 
 739      5454435F 
 739      48414E44 
 740              	.LASF19:
 741 0473 4359424C 		.ascii	"CYBLE_EVT_STACK_BUSY_STATUS\000"
 741      455F4556 
 741      545F5354 
 741      41434B5F 
 741      42555359 
 742              	.LASF24:
 743 048f 4359424C 		.ascii	"CYBLE_EVT_GAP_PASSKEY_DISPLAY_REQUEST\000"
 743      455F4556 
 743      545F4741 
 743      505F5041 
 743      53534B45 
 744              	.LASF93:
 745 04b5 4359424C 		.ascii	"CYBLE_CUSTOMS_T\000"
 745      455F4355 
 745      53544F4D 
 745      535F5400 
 746              	.LASF74:
 747 04c5 4359424C 		.ascii	"CYBLE_EVT_L2CAP_CBFC_CONN_CNF\000"
 747      455F4556 
 747      545F4C32 
 747      4341505F 
 747      43424643 
ARM GAS  C:\Users\sergio\AppData\Local\Temp\cc539AuF.s 			page 19


 748              	.LASF38:
 749 04e3 4359424C 		.ascii	"CYBLE_EVT_GAP_ENHANCE_CONN_COMPLETE\000"
 749      455F4556 
 749      545F4741 
 749      505F454E 
 749      48414E43 
 750              	.LASF12:
 751 0507 6C6F6E67 		.ascii	"long double\000"
 751      20646F75 
 751      626C6500 
 752              	.LASF70:
 753 0513 4359424C 		.ascii	"CYBLE_EVT_L2CAP_CONN_PARAM_UPDATE_REQ\000"
 753      455F4556 
 753      545F4C32 
 753      4341505F 
 753      434F4E4E 
 754              	.LASF1:
 755 0539 756E7369 		.ascii	"unsigned char\000"
 755      676E6564 
 755      20636861 
 755      7200
 756              	.LASF92:
 757 0547 63757374 		.ascii	"customServInfo\000"
 757      6F6D5365 
 757      7276496E 
 757      666F00
 758              	.LASF60:
 759 0556 4359424C 		.ascii	"CYBLE_EVT_GATTS_PREP_WRITE_REQ\000"
 759      455F4556 
 759      545F4741 
 759      5454535F 
 759      50524550 
 760              	.LASF82:
 761 0575 4359424C 		.ascii	"CYBLE_EVT_LE_PING_AUTH_TIMEOUT\000"
 761      455F4556 
 761      545F4C45 
 761      5F50494E 
 761      475F4155 
 762              	.LASF52:
 763 0594 4359424C 		.ascii	"CYBLE_EVT_GATTC_FIND_INFO_RSP\000"
 763      455F4556 
 763      545F4741 
 763      5454435F 
 763      46494E44 
 764              	.LASF0:
 765 05b2 7369676E 		.ascii	"signed char\000"
 765      65642063 
 765      68617200 
 766              	.LASF57:
 767 05be 4359424C 		.ascii	"CYBLE_EVT_GATTS_WRITE_REQ\000"
 767      455F4556 
 767      545F4741 
 767      5454535F 
 767      57524954 
 768              	.LASF53:
 769 05d8 4359424C 		.ascii	"CYBLE_EVT_GATTC_FIND_BY_TYPE_VALUE_RSP\000"
 769      455F4556 
ARM GAS  C:\Users\sergio\AppData\Local\Temp\cc539AuF.s 			page 20


 769      545F4741 
 769      5454435F 
 769      46494E44 
 770              	.LASF25:
 771 05ff 4359424C 		.ascii	"CYBLE_EVT_GAP_AUTH_COMPLETE\000"
 771      455F4556 
 771      545F4741 
 771      505F4155 
 771      54485F43 
 772              	.LASF8:
 773 061b 756E7369 		.ascii	"unsigned int\000"
 773      676E6564 
 773      20696E74 
 773      00
 774              	.LASF46:
 775 0628 4359424C 		.ascii	"CYBLE_EVT_GATT_CONNECT_IND\000"
 775      455F4556 
 775      545F4741 
 775      54545F43 
 775      4F4E4E45 
 776              	.LASF5:
 777 0643 6C6F6E67 		.ascii	"long unsigned int\000"
 777      20756E73 
 777      69676E65 
 777      6420696E 
 777      7400
 778              	.LASF22:
 779 0655 4359424C 		.ascii	"CYBLE_EVT_GAP_AUTH_REQ\000"
 779      455F4556 
 779      545F4741 
 779      505F4155 
 779      54485F52 
 780              	.LASF75:
 781 066c 4359424C 		.ascii	"CYBLE_EVT_L2CAP_CBFC_DISCONN_IND\000"
 781      455F4556 
 781      545F4C32 
 781      4341505F 
 781      43424643 
 782              	.LASF30:
 783 068d 4359424C 		.ascii	"CYBLE_EVT_GAP_ENCRYPT_CHANGE\000"
 783      455F4556 
 783      545F4741 
 783      505F454E 
 783      43525950 
 784              	.LASF41:
 785 06aa 4359424C 		.ascii	"CYBLE_EVT_GAP_CONN_ESTB\000"
 785      455F4556 
 785      545F4741 
 785      505F434F 
 785      4E4E5F45 
 786              	.LASF69:
 787 06c2 4359424C 		.ascii	"CYBLE_EVT_GATTC_LONG_PROCEDURE_END\000"
 787      455F4556 
 787      545F4741 
 787      5454435F 
 787      4C4F4E47 
 788              	.LASF33:
ARM GAS  C:\Users\sergio\AppData\Local\Temp\cc539AuF.s 			page 21


 789 06e5 4359424C 		.ascii	"CYBLE_EVT_GAP_KEYINFO_EXCHNGE_CMPLT\000"
 789      455F4556 
 789      545F4741 
 789      505F4B45 
 789      59494E46 
 790              	.LASF84:
 791 0709 4359424C 		.ascii	"CYBLE_EVT_FLASH_CORRUPT\000"
 791      455F4556 
 791      545F464C 
 791      4153485F 
 791      434F5252 
 792              	.LASF31:
 793 0721 4359424C 		.ascii	"CYBLE_EVT_GAP_CONNECTION_UPDATE_COMPLETE\000"
 793      455F4556 
 793      545F4741 
 793      505F434F 
 793      4E4E4543 
 794              	.LASF40:
 795 074a 4359424C 		.ascii	"CYBLE_EVT_GAP_SMP_NEGOTIATED_AUTH_INFO\000"
 795      455F4556 
 795      545F4741 
 795      505F534D 
 795      505F4E45 
 796              	.LASF11:
 797 0771 63686172 		.ascii	"char\000"
 797      00
 798              	.LASF72:
 799 0776 4359424C 		.ascii	"CYBLE_EVT_L2CAP_COMMAND_REJ\000"
 799      455F4556 
 799      545F4C32 
 799      4341505F 
 799      434F4D4D 
 800              	.LASF3:
 801 0792 73686F72 		.ascii	"short unsigned int\000"
 801      7420756E 
 801      7369676E 
 801      65642069 
 801      6E7400
 802              	.LASF21:
 803 07a5 4359424C 		.ascii	"CYBLE_EVT_GAPC_SCAN_PROGRESS_RESULT\000"
 803      455F4556 
 803      545F4741 
 803      50435F53 
 803      43414E5F 
 804              	.LASF86:
 805 07c9 75696E74 		.ascii	"uint16\000"
 805      313600
 806              	.LASF55:
 807 07d0 4359424C 		.ascii	"CYBLE_EVT_GATTC_READ_BLOB_RSP\000"
 807      455F4556 
 807      545F4741 
 807      5454435F 
 807      52454144 
 808              	.LASF62:
 809 07ee 4359424C 		.ascii	"CYBLE_EVT_GATTC_EXEC_WRITE_RSP\000"
 809      455F4556 
 809      545F4741 
ARM GAS  C:\Users\sergio\AppData\Local\Temp\cc539AuF.s 			page 22


 809      5454435F 
 809      45584543 
 810              	.LASF32:
 811 080d 4359424C 		.ascii	"CYBLE_EVT_GAPC_SCAN_START_STOP\000"
 811      455F4556 
 811      545F4741 
 811      50435F53 
 811      43414E5F 
 812              	.LASF96:
 813 082c 433A5C55 		.ascii	"C:\\Users\\sergio\\Documents\\PSoC Creator\\demo\\S"
 813      73657273 
 813      5C736572 
 813      67696F5C 
 813      446F6375 
 814 0859 44424C45 		.ascii	"DBLEE.cydsn\000"
 814      452E6379 
 814      64736E00 
 815              	.LASF78:
 816 0865 4359424C 		.ascii	"CYBLE_EVT_L2CAP_CBFC_RX_CREDIT_IND\000"
 816      455F4556 
 816      545F4C32 
 816      4341505F 
 816      43424643 
 817              	.LASF10:
 818 0888 646F7562 		.ascii	"double\000"
 818      6C6500
 819              	.LASF79:
 820 088f 4359424C 		.ascii	"CYBLE_EVT_L2CAP_CBFC_TX_CREDIT_IND\000"
 820      455F4556 
 820      545F4C32 
 820      4341505F 
 820      43424643 
 821              	.LASF88:
 822 08b2 63757374 		.ascii	"customServCharHandle\000"
 822      6F6D5365 
 822      72764368 
 822      61724861 
 822      6E646C65 
 823              	.LASF42:
 824 08c7 4359424C 		.ascii	"CYBLE_EVT_GAP_SCAN_REQ_RECVD\000"
 824      455F4556 
 824      545F4741 
 824      505F5343 
 824      414E5F52 
 825              	.LASF17:
 826 08e4 4359424C 		.ascii	"CYBLE_EVT_HARDWARE_ERROR\000"
 826      455F4556 
 826      545F4841 
 826      52445741 
 826      52455F45 
 827              	.LASF77:
 828 08fd 4359424C 		.ascii	"CYBLE_EVT_L2CAP_CBFC_DATA_READ\000"
 828      455F4556 
 828      545F4C32 
 828      4341505F 
 828      43424643 
 829              	.LASF71:
ARM GAS  C:\Users\sergio\AppData\Local\Temp\cc539AuF.s 			page 23


 830 091c 4359424C 		.ascii	"CYBLE_EVT_L2CAP_CONN_PARAM_UPDATE_RSP\000"
 830      455F4556 
 830      545F4C32 
 830      4341505F 
 830      434F4E4E 
 831              	.LASF73:
 832 0942 4359424C 		.ascii	"CYBLE_EVT_L2CAP_CBFC_CONN_IND\000"
 832      455F4556 
 832      545F4C32 
 832      4341505F 
 832      43424643 
 833              	.LASF50:
 834 0960 4359424C 		.ascii	"CYBLE_EVT_GATTC_READ_BY_GROUP_TYPE_RSP\000"
 834      455F4556 
 834      545F4741 
 834      5454435F 
 834      52454144 
 835              	.LASF59:
 836 0987 4359424C 		.ascii	"CYBLE_EVT_GATTS_WRITE_CMD_REQ\000"
 836      455F4556 
 836      545F4741 
 836      5454535F 
 836      57524954 
 837              	.LASF51:
 838 09a5 4359424C 		.ascii	"CYBLE_EVT_GATTC_READ_BY_TYPE_RSP\000"
 838      455F4556 
 838      545F4741 
 838      5454435F 
 838      52454144 
 839              	.LASF49:
 840 09c6 4359424C 		.ascii	"CYBLE_EVT_GATTC_XCHNG_MTU_RSP\000"
 840      455F4556 
 840      545F4741 
 840      5454435F 
 840      5843484E 
 841              	.LASF80:
 842 09e4 4359424C 		.ascii	"CYBLE_EVT_L2CAP_CBFC_DATA_WRITE_IND\000"
 842      455F4556 
 842      545F4C32 
 842      4341505F 
 842      43424643 
 843              	.LASF16:
 844 0a08 4359424C 		.ascii	"CYBLE_EVT_TIMEOUT\000"
 844      455F4556 
 844      545F5449 
 844      4D454F55 
 844      5400
 845              	.LASF85:
 846 0a1a 4359424C 		.ascii	"CYBLE_EVT_MAX\000"
 846      455F4556 
 846      545F4D41 
 846      5800
 847              	.LASF68:
 848 0a28 4359424C 		.ascii	"CYBLE_EVT_GATTS_READ_CHAR_VAL_ACCESS_REQ\000"
 848      455F4556 
 848      545F4741 
 848      5454535F 
ARM GAS  C:\Users\sergio\AppData\Local\Temp\cc539AuF.s 			page 24


 848      52454144 
 849              	.LASF67:
 850 0a51 4359424C 		.ascii	"CYBLE_EVT_GATTC_STOP_CMD_COMPLETE\000"
 850      455F4556 
 850      545F4741 
 850      5454435F 
 850      53544F50 
 851              	.LASF61:
 852 0a73 4359424C 		.ascii	"CYBLE_EVT_GATTS_EXEC_WRITE_REQ\000"
 852      455F4556 
 852      545F4741 
 852      5454535F 
 852      45584543 
 853              	.LASF87:
 854 0a92 4359424C 		.ascii	"CYBLE_GATT_DB_ATTR_HANDLE_T\000"
 854      455F4741 
 854      54545F44 
 854      425F4154 
 854      54525F48 
 855              	.LASF98:
 856 0aae 6379426C 		.ascii	"cyBle_customs\000"
 856      655F6375 
 856      73746F6D 
 856      7300
 857              	.LASF66:
 858 0abc 4359424C 		.ascii	"CYBLE_EVT_GATTS_DATA_SIGNED_CMD_REQ\000"
 858      455F4556 
 858      545F4741 
 858      5454535F 
 858      44415441 
 859              	.LASF83:
 860 0ae0 4359424C 		.ascii	"CYBLE_EVT_HCI_PKT\000"
 860      455F4556 
 860      545F4843 
 860      495F504B 
 860      5400
 861              	.LASF36:
 862 0af2 4359424C 		.ascii	"CYBLE_EVT_GAP_OOB_GENERATED_NOTIFICATION\000"
 862      455F4556 
 862      545F4741 
 862      505F4F4F 
 862      425F4745 
 863              		.ident	"GCC: (GNU Tools for ARM Embedded Processors) 5.4.1 20160609 (release) [ARM/embedded-5-bran
