ARM GAS  C:\Users\sergio\AppData\Local\Temp\ccCx8xur.s 			page 1


   1              		.syntax unified
   2              		.cpu cortex-m0
   3              		.fpu softvfp
   4              		.eabi_attribute 20, 1
   5              		.eabi_attribute 21, 1
   6              		.eabi_attribute 23, 3
   7              		.eabi_attribute 24, 1
   8              		.eabi_attribute 25, 1
   9              		.eabi_attribute 26, 1
  10              		.eabi_attribute 30, 1
  11              		.eabi_attribute 34, 0
  12              		.eabi_attribute 18, 4
  13              		.thumb
  14              		.syntax unified
  15              		.file	"cyfitter_cfg.c"
  16              		.text
  17              	.Ltext0:
  18              		.cfi_sections	.debug_frame
  19              		.section	.text.CYMEMZERO,"ax",%progbits
  20              		.align	2
  21              		.code	16
  22              		.thumb_func
  23              		.type	CYMEMZERO, %function
  24              	CYMEMZERO:
  25              	.LFB2:
  26              		.file 1 "Generated_Source\\PSoC4\\cyfitter_cfg.c"
   1:Generated_Source\PSoC4/cyfitter_cfg.c **** 
   2:Generated_Source\PSoC4/cyfitter_cfg.c **** /*******************************************************************************
   3:Generated_Source\PSoC4/cyfitter_cfg.c **** * File Name: cyfitter_cfg.c
   4:Generated_Source\PSoC4/cyfitter_cfg.c **** * 
   5:Generated_Source\PSoC4/cyfitter_cfg.c **** * PSoC Creator  4.2
   6:Generated_Source\PSoC4/cyfitter_cfg.c **** *
   7:Generated_Source\PSoC4/cyfitter_cfg.c **** * Description:
   8:Generated_Source\PSoC4/cyfitter_cfg.c **** * This file contains device initialization code.
   9:Generated_Source\PSoC4/cyfitter_cfg.c **** * Except for the user defined sections in CyClockStartupError(), this file should not be modified.
  10:Generated_Source\PSoC4/cyfitter_cfg.c **** * This file is automatically generated by PSoC Creator.
  11:Generated_Source\PSoC4/cyfitter_cfg.c **** *
  12:Generated_Source\PSoC4/cyfitter_cfg.c **** ********************************************************************************
  13:Generated_Source\PSoC4/cyfitter_cfg.c **** * Copyright (c) 2007-2018 Cypress Semiconductor.  All rights reserved.
  14:Generated_Source\PSoC4/cyfitter_cfg.c **** * You may use this file only in accordance with the license, terms, conditions, 
  15:Generated_Source\PSoC4/cyfitter_cfg.c **** * disclaimers, and limitations in the end user license agreement accompanying 
  16:Generated_Source\PSoC4/cyfitter_cfg.c **** * the software package with which this file was provided.
  17:Generated_Source\PSoC4/cyfitter_cfg.c **** ********************************************************************************/
  18:Generated_Source\PSoC4/cyfitter_cfg.c **** 
  19:Generated_Source\PSoC4/cyfitter_cfg.c **** #include <string.h>
  20:Generated_Source\PSoC4/cyfitter_cfg.c **** #include "cytypes.h"
  21:Generated_Source\PSoC4/cyfitter_cfg.c **** #include "cydevice_trm.h"
  22:Generated_Source\PSoC4/cyfitter_cfg.c **** #include "cyfitter.h"
  23:Generated_Source\PSoC4/cyfitter_cfg.c **** #include "CyLib.h"
  24:Generated_Source\PSoC4/cyfitter_cfg.c **** #include "cyfitter_cfg.h"
  25:Generated_Source\PSoC4/cyfitter_cfg.c **** #include "cyapicallbacks.h"
  26:Generated_Source\PSoC4/cyfitter_cfg.c **** 
  27:Generated_Source\PSoC4/cyfitter_cfg.c **** 
  28:Generated_Source\PSoC4/cyfitter_cfg.c **** #if defined(__GNUC__) || defined(__ARMCC_VERSION)
  29:Generated_Source\PSoC4/cyfitter_cfg.c ****     #define CYPACKED 
  30:Generated_Source\PSoC4/cyfitter_cfg.c ****     #define CYPACKED_ATTR __attribute__ ((packed))
  31:Generated_Source\PSoC4/cyfitter_cfg.c ****     #define CYALIGNED __attribute__ ((aligned))
ARM GAS  C:\Users\sergio\AppData\Local\Temp\ccCx8xur.s 			page 2


  32:Generated_Source\PSoC4/cyfitter_cfg.c ****     #define CY_CFG_UNUSED __attribute__ ((unused))
  33:Generated_Source\PSoC4/cyfitter_cfg.c ****     #ifndef CY_CFG_SECTION
  34:Generated_Source\PSoC4/cyfitter_cfg.c ****         #define CY_CFG_SECTION __attribute__ ((section(".psocinit")))
  35:Generated_Source\PSoC4/cyfitter_cfg.c ****     #endif
  36:Generated_Source\PSoC4/cyfitter_cfg.c ****     
  37:Generated_Source\PSoC4/cyfitter_cfg.c ****     #if defined(__ARMCC_VERSION)
  38:Generated_Source\PSoC4/cyfitter_cfg.c ****         #define CY_CFG_MEMORY_BARRIER() __memory_changed()
  39:Generated_Source\PSoC4/cyfitter_cfg.c ****     #else
  40:Generated_Source\PSoC4/cyfitter_cfg.c ****         #define CY_CFG_MEMORY_BARRIER() __sync_synchronize()
  41:Generated_Source\PSoC4/cyfitter_cfg.c ****     #endif
  42:Generated_Source\PSoC4/cyfitter_cfg.c ****     
  43:Generated_Source\PSoC4/cyfitter_cfg.c **** #elif defined(__ICCARM__)
  44:Generated_Source\PSoC4/cyfitter_cfg.c ****     #include <intrinsics.h>
  45:Generated_Source\PSoC4/cyfitter_cfg.c **** 
  46:Generated_Source\PSoC4/cyfitter_cfg.c ****     #define CYPACKED __packed
  47:Generated_Source\PSoC4/cyfitter_cfg.c ****     #define CYPACKED_ATTR 
  48:Generated_Source\PSoC4/cyfitter_cfg.c ****     #define CYALIGNED _Pragma("data_alignment=4")
  49:Generated_Source\PSoC4/cyfitter_cfg.c ****     #define CY_CFG_UNUSED _Pragma("diag_suppress=Pe177")
  50:Generated_Source\PSoC4/cyfitter_cfg.c ****     #define CY_CFG_SECTION _Pragma("location=\".psocinit\"")
  51:Generated_Source\PSoC4/cyfitter_cfg.c ****     
  52:Generated_Source\PSoC4/cyfitter_cfg.c ****     #define CY_CFG_MEMORY_BARRIER() __DMB()
  53:Generated_Source\PSoC4/cyfitter_cfg.c ****     
  54:Generated_Source\PSoC4/cyfitter_cfg.c **** #else
  55:Generated_Source\PSoC4/cyfitter_cfg.c ****     #error Unsupported toolchain
  56:Generated_Source\PSoC4/cyfitter_cfg.c **** #endif
  57:Generated_Source\PSoC4/cyfitter_cfg.c **** 
  58:Generated_Source\PSoC4/cyfitter_cfg.c **** #ifndef CYCODE
  59:Generated_Source\PSoC4/cyfitter_cfg.c ****     #define CYCODE
  60:Generated_Source\PSoC4/cyfitter_cfg.c **** #endif
  61:Generated_Source\PSoC4/cyfitter_cfg.c **** #ifndef CYDATA
  62:Generated_Source\PSoC4/cyfitter_cfg.c ****     #define CYDATA
  63:Generated_Source\PSoC4/cyfitter_cfg.c **** #endif
  64:Generated_Source\PSoC4/cyfitter_cfg.c **** #ifndef CYFAR
  65:Generated_Source\PSoC4/cyfitter_cfg.c ****     #define CYFAR
  66:Generated_Source\PSoC4/cyfitter_cfg.c **** #endif
  67:Generated_Source\PSoC4/cyfitter_cfg.c **** #ifndef CYXDATA
  68:Generated_Source\PSoC4/cyfitter_cfg.c ****     #define CYXDATA
  69:Generated_Source\PSoC4/cyfitter_cfg.c **** #endif
  70:Generated_Source\PSoC4/cyfitter_cfg.c **** 
  71:Generated_Source\PSoC4/cyfitter_cfg.c **** 
  72:Generated_Source\PSoC4/cyfitter_cfg.c **** CY_CFG_UNUSED
  73:Generated_Source\PSoC4/cyfitter_cfg.c **** static void CYMEMZERO(void *s, size_t n);
  74:Generated_Source\PSoC4/cyfitter_cfg.c **** CY_CFG_UNUSED
  75:Generated_Source\PSoC4/cyfitter_cfg.c **** static void CYMEMZERO(void *s, size_t n)
  76:Generated_Source\PSoC4/cyfitter_cfg.c **** {
  27              		.loc 1 76 0
  28              		.cfi_startproc
  29              		@ args = 0, pretend = 0, frame = 0
  30              		@ frame_needed = 0, uses_anonymous_args = 0
  31              	.LVL0:
  32 0000 10B5     		push	{r4, lr}
  33              		.cfi_def_cfa_offset 8
  34              		.cfi_offset 4, -8
  35              		.cfi_offset 14, -4
  36 0002 0A00     		movs	r2, r1
  77:Generated_Source\PSoC4/cyfitter_cfg.c **** 	(void)memset(s, 0, n);
  37              		.loc 1 77 0
ARM GAS  C:\Users\sergio\AppData\Local\Temp\ccCx8xur.s 			page 3


  38 0004 0021     		movs	r1, #0
  39              	.LVL1:
  40 0006 FFF7FEFF 		bl	memset
  41              	.LVL2:
  78:Generated_Source\PSoC4/cyfitter_cfg.c **** }
  42              		.loc 1 78 0
  43              		@ sp needed
  44 000a 10BD     		pop	{r4, pc}
  45              		.cfi_endproc
  46              	.LFE2:
  47              		.size	CYMEMZERO, .-CYMEMZERO
  48              		.section	.psocinit,"ax",%progbits
  49              		.align	2
  50              		.code	16
  51              		.thumb_func
  52              		.type	ClockSetup, %function
  53              	ClockSetup:
  54              	.LFB5:
  79:Generated_Source\PSoC4/cyfitter_cfg.c **** CY_CFG_UNUSED
  80:Generated_Source\PSoC4/cyfitter_cfg.c **** static void CYCONFIGCPY(void *dest, const void *src, size_t n);
  81:Generated_Source\PSoC4/cyfitter_cfg.c **** CY_CFG_UNUSED
  82:Generated_Source\PSoC4/cyfitter_cfg.c **** static void CYCONFIGCPY(void *dest, const void *src, size_t n)
  83:Generated_Source\PSoC4/cyfitter_cfg.c **** {
  84:Generated_Source\PSoC4/cyfitter_cfg.c **** 	(void)memcpy(dest, src, n);
  85:Generated_Source\PSoC4/cyfitter_cfg.c **** }
  86:Generated_Source\PSoC4/cyfitter_cfg.c **** CY_CFG_UNUSED
  87:Generated_Source\PSoC4/cyfitter_cfg.c **** static void CYCONFIGCPYCODE(void *dest, const void *src, size_t n);
  88:Generated_Source\PSoC4/cyfitter_cfg.c **** CY_CFG_UNUSED
  89:Generated_Source\PSoC4/cyfitter_cfg.c **** static void CYCONFIGCPYCODE(void *dest, const void *src, size_t n)
  90:Generated_Source\PSoC4/cyfitter_cfg.c **** {
  91:Generated_Source\PSoC4/cyfitter_cfg.c **** 	(void)memcpy(dest, src, n);
  92:Generated_Source\PSoC4/cyfitter_cfg.c **** }
  93:Generated_Source\PSoC4/cyfitter_cfg.c **** 
  94:Generated_Source\PSoC4/cyfitter_cfg.c **** 
  95:Generated_Source\PSoC4/cyfitter_cfg.c **** 
  96:Generated_Source\PSoC4/cyfitter_cfg.c **** 
  97:Generated_Source\PSoC4/cyfitter_cfg.c **** /* Clock startup error codes                                                   */
  98:Generated_Source\PSoC4/cyfitter_cfg.c **** #define CYCLOCKSTART_NO_ERROR    0u
  99:Generated_Source\PSoC4/cyfitter_cfg.c **** #define CYCLOCKSTART_XTAL_ERROR  1u
 100:Generated_Source\PSoC4/cyfitter_cfg.c **** #define CYCLOCKSTART_32KHZ_ERROR 2u
 101:Generated_Source\PSoC4/cyfitter_cfg.c **** #define CYCLOCKSTART_PLL_ERROR   3u
 102:Generated_Source\PSoC4/cyfitter_cfg.c **** #define CYCLOCKSTART_FLL_ERROR   4u
 103:Generated_Source\PSoC4/cyfitter_cfg.c **** #define CYCLOCKSTART_WCO_ERROR   5u
 104:Generated_Source\PSoC4/cyfitter_cfg.c **** 
 105:Generated_Source\PSoC4/cyfitter_cfg.c **** 
 106:Generated_Source\PSoC4/cyfitter_cfg.c **** #ifdef CY_NEED_CYCLOCKSTARTUPERROR
 107:Generated_Source\PSoC4/cyfitter_cfg.c **** /*******************************************************************************
 108:Generated_Source\PSoC4/cyfitter_cfg.c **** * Function Name: CyClockStartupError
 109:Generated_Source\PSoC4/cyfitter_cfg.c **** ********************************************************************************
 110:Generated_Source\PSoC4/cyfitter_cfg.c **** * Summary:
 111:Generated_Source\PSoC4/cyfitter_cfg.c **** *  If an error is encountered during clock configuration (crystal startup error,
 112:Generated_Source\PSoC4/cyfitter_cfg.c **** *  PLL lock error, etc.), the system will end up here.  Unless reimplemented by
 113:Generated_Source\PSoC4/cyfitter_cfg.c **** *  the customer, this function will stop in an infinite loop.
 114:Generated_Source\PSoC4/cyfitter_cfg.c **** *
 115:Generated_Source\PSoC4/cyfitter_cfg.c **** * Parameters:
 116:Generated_Source\PSoC4/cyfitter_cfg.c **** *   void
 117:Generated_Source\PSoC4/cyfitter_cfg.c **** *
ARM GAS  C:\Users\sergio\AppData\Local\Temp\ccCx8xur.s 			page 4


 118:Generated_Source\PSoC4/cyfitter_cfg.c **** * Return:
 119:Generated_Source\PSoC4/cyfitter_cfg.c **** *   void
 120:Generated_Source\PSoC4/cyfitter_cfg.c **** *
 121:Generated_Source\PSoC4/cyfitter_cfg.c **** *******************************************************************************/
 122:Generated_Source\PSoC4/cyfitter_cfg.c **** CY_CFG_UNUSED
 123:Generated_Source\PSoC4/cyfitter_cfg.c **** static void CyClockStartupError(uint8 errorCode);
 124:Generated_Source\PSoC4/cyfitter_cfg.c **** CY_CFG_UNUSED
 125:Generated_Source\PSoC4/cyfitter_cfg.c **** static void CyClockStartupError(uint8 errorCode)
 126:Generated_Source\PSoC4/cyfitter_cfg.c **** {
 127:Generated_Source\PSoC4/cyfitter_cfg.c ****     /* To remove the compiler warning if errorCode not used.                */
 128:Generated_Source\PSoC4/cyfitter_cfg.c ****     errorCode = errorCode;
 129:Generated_Source\PSoC4/cyfitter_cfg.c **** 
 130:Generated_Source\PSoC4/cyfitter_cfg.c ****     /* If we have a clock startup error (bad MHz crystal, PLL lock, etc.),  */
 131:Generated_Source\PSoC4/cyfitter_cfg.c ****     /* we will end up here to allow the customer to implement something to  */
 132:Generated_Source\PSoC4/cyfitter_cfg.c ****     /* deal with the clock condition.                                       */
 133:Generated_Source\PSoC4/cyfitter_cfg.c **** 
 134:Generated_Source\PSoC4/cyfitter_cfg.c **** #ifdef CY_CFG_CLOCK_STARTUP_ERROR_CALLBACK
 135:Generated_Source\PSoC4/cyfitter_cfg.c ****     CY_CFG_Clock_Startup_ErrorCallback();
 136:Generated_Source\PSoC4/cyfitter_cfg.c **** #else
 137:Generated_Source\PSoC4/cyfitter_cfg.c ****     /*  If not using CY_CFG_CLOCK_STARTUP_ERROR_CALLBACK, place your clock startup code here. */
 138:Generated_Source\PSoC4/cyfitter_cfg.c ****     /* `#START CyClockStartupError` */
 139:Generated_Source\PSoC4/cyfitter_cfg.c **** 
 140:Generated_Source\PSoC4/cyfitter_cfg.c **** 
 141:Generated_Source\PSoC4/cyfitter_cfg.c **** 
 142:Generated_Source\PSoC4/cyfitter_cfg.c ****     /* `#END` */
 143:Generated_Source\PSoC4/cyfitter_cfg.c **** 
 144:Generated_Source\PSoC4/cyfitter_cfg.c ****     while(1) {}
 145:Generated_Source\PSoC4/cyfitter_cfg.c **** #endif /* CY_CFG_CLOCK_STARTUP_ERROR_CALLBACK */
 146:Generated_Source\PSoC4/cyfitter_cfg.c **** }
 147:Generated_Source\PSoC4/cyfitter_cfg.c **** #endif
 148:Generated_Source\PSoC4/cyfitter_cfg.c **** 
 149:Generated_Source\PSoC4/cyfitter_cfg.c **** 
 150:Generated_Source\PSoC4/cyfitter_cfg.c **** 
 151:Generated_Source\PSoC4/cyfitter_cfg.c **** /*******************************************************************************
 152:Generated_Source\PSoC4/cyfitter_cfg.c **** * Function Name: ClockSetup
 153:Generated_Source\PSoC4/cyfitter_cfg.c **** ********************************************************************************
 154:Generated_Source\PSoC4/cyfitter_cfg.c **** *
 155:Generated_Source\PSoC4/cyfitter_cfg.c **** * Summary:
 156:Generated_Source\PSoC4/cyfitter_cfg.c **** *   Performs the initialization of all of the clocks in the device based on the
 157:Generated_Source\PSoC4/cyfitter_cfg.c **** *   settings in the Clock tab of the DWR.  This includes enabling the requested
 158:Generated_Source\PSoC4/cyfitter_cfg.c **** *   clocks and setting the necessary dividers to produce the desired frequency. 
 159:Generated_Source\PSoC4/cyfitter_cfg.c **** *
 160:Generated_Source\PSoC4/cyfitter_cfg.c **** * Parameters:
 161:Generated_Source\PSoC4/cyfitter_cfg.c **** *   void
 162:Generated_Source\PSoC4/cyfitter_cfg.c **** *
 163:Generated_Source\PSoC4/cyfitter_cfg.c **** * Return:
 164:Generated_Source\PSoC4/cyfitter_cfg.c **** *   void
 165:Generated_Source\PSoC4/cyfitter_cfg.c **** *
 166:Generated_Source\PSoC4/cyfitter_cfg.c **** *******************************************************************************/
 167:Generated_Source\PSoC4/cyfitter_cfg.c **** static void ClockSetup(void);
 168:Generated_Source\PSoC4/cyfitter_cfg.c **** CY_CFG_SECTION
 169:Generated_Source\PSoC4/cyfitter_cfg.c **** static void ClockSetup(void)
 170:Generated_Source\PSoC4/cyfitter_cfg.c **** {
  55              		.loc 1 170 0
  56              		.cfi_startproc
  57              		@ args = 0, pretend = 0, frame = 0
  58              		@ frame_needed = 0, uses_anonymous_args = 0
ARM GAS  C:\Users\sergio\AppData\Local\Temp\ccCx8xur.s 			page 5


  59 0000 70B5     		push	{r4, r5, r6, lr}
  60              		.cfi_def_cfa_offset 16
  61              		.cfi_offset 4, -16
  62              		.cfi_offset 5, -12
  63              		.cfi_offset 6, -8
  64              		.cfi_offset 14, -4
 171:Generated_Source\PSoC4/cyfitter_cfg.c **** 
 172:Generated_Source\PSoC4/cyfitter_cfg.c **** 	/* Set Flash Cycles based on max possible frequency in case a glitch occurs during ClockSetup(). *
 173:Generated_Source\PSoC4/cyfitter_cfg.c **** 	CY_SET_REG32((void CYXDATA *)(CYREG_CPUSS_FLASH_CTL), (0x0012u));
  65              		.loc 1 173 0
  66 0002 1222     		movs	r2, #18
  67 0004 2A4B     		ldr	r3, .L4
  68 0006 1A60     		str	r2, [r3]
 174:Generated_Source\PSoC4/cyfitter_cfg.c **** 
 175:Generated_Source\PSoC4/cyfitter_cfg.c **** 	/* Start the WCO */
 176:Generated_Source\PSoC4/cyfitter_cfg.c **** 	CySysClkWcoStart();
  69              		.loc 1 176 0
  70 0008 FFF7FEFF 		bl	CySysClkWcoStart
  71              	.LVL3:
 177:Generated_Source\PSoC4/cyfitter_cfg.c **** 	CyDelayCycles(12000000u); /* WCO may take up to 500ms to start */
  72              		.loc 1 177 0
  73 000c 2948     		ldr	r0, .L4+4
  74 000e FFF7FEFF 		bl	CyDelayCycles
  75              	.LVL4:
 178:Generated_Source\PSoC4/cyfitter_cfg.c **** 	(void)CySysClkWcoSetPowerMode(CY_SYS_CLK_WCO_LPM);    /* Switch to the low power mode */
  76              		.loc 1 178 0
  77 0012 0120     		movs	r0, #1
  78 0014 FFF7FEFF 		bl	CySysClkWcoSetPowerMode
  79              	.LVL5:
 179:Generated_Source\PSoC4/cyfitter_cfg.c **** 
 180:Generated_Source\PSoC4/cyfitter_cfg.c **** 	/* Setup and trim IMO based on desired frequency. */
 181:Generated_Source\PSoC4/cyfitter_cfg.c **** 	CySysClkWriteImoFreq(48u);
  80              		.loc 1 181 0
  81 0018 3020     		movs	r0, #48
  82 001a FFF7FEFF 		bl	CySysClkWriteImoFreq
  83              	.LVL6:
 182:Generated_Source\PSoC4/cyfitter_cfg.c **** 	/* CYDEV_CLK_ILO_CONFIG Starting address: CYDEV_CLK_ILO_CONFIG */
 183:Generated_Source\PSoC4/cyfitter_cfg.c **** 	CY_SET_REG32((void *)(CYREG_CLK_ILO_CONFIG), 0x80000006u);
  84              		.loc 1 183 0
  85 001e 264A     		ldr	r2, .L4+8
  86 0020 264B     		ldr	r3, .L4+12
  87 0022 1A60     		str	r2, [r3]
 184:Generated_Source\PSoC4/cyfitter_cfg.c **** 
 185:Generated_Source\PSoC4/cyfitter_cfg.c **** 	/* CYDEV_WDT_CONFIG Starting address: CYDEV_WDT_CONFIG */
 186:Generated_Source\PSoC4/cyfitter_cfg.c **** 	CY_SET_REG32((void *)(CYREG_WDT_CONFIG), 0x40000000u);
  88              		.loc 1 186 0
  89 0024 264D     		ldr	r5, .L4+16
  90 0026 8023     		movs	r3, #128
  91 0028 DB05     		lsls	r3, r3, #23
  92 002a 2B60     		str	r3, [r5]
 187:Generated_Source\PSoC4/cyfitter_cfg.c **** 
 188:Generated_Source\PSoC4/cyfitter_cfg.c **** 
 189:Generated_Source\PSoC4/cyfitter_cfg.c **** 	/* Enable fast start mode for XO */
 190:Generated_Source\PSoC4/cyfitter_cfg.c **** 	CY_SET_REG32((void*)CYREG_BLE_BLERD_BB_XO, CY_GET_REG32((void*)CYREG_BLE_BLERD_BB_XO) | (uint32)0x
  93              		.loc 1 190 0
  94 002c 254A     		ldr	r2, .L4+20
  95 002e 1168     		ldr	r1, [r2]
ARM GAS  C:\Users\sergio\AppData\Local\Temp\ccCx8xur.s 			page 6


  96 0030 0223     		movs	r3, #2
  97 0032 0B43     		orrs	r3, r1
  98 0034 1360     		str	r3, [r2]
 191:Generated_Source\PSoC4/cyfitter_cfg.c **** 	CY_SET_REG32((void *)(CYREG_BLE_BLERD_BB_XO_CAPTRIM), 0x00003E2Du);
  99              		.loc 1 191 0
 100 0036 244A     		ldr	r2, .L4+24
 101 0038 244B     		ldr	r3, .L4+28
 102 003a 1A60     		str	r2, [r3]
 192:Generated_Source\PSoC4/cyfitter_cfg.c **** 	/*Set XTAL(ECO) divider*/
 193:Generated_Source\PSoC4/cyfitter_cfg.c **** 	CY_SET_REG32((void *)(CYREG_BLE_BLESS_XTAL_CLK_DIV_CONFIG), 0x00000000u);
 103              		.loc 1 193 0
 104 003c 0022     		movs	r2, #0
 105 003e 244B     		ldr	r3, .L4+32
 106 0040 1A60     		str	r2, [r3]
 194:Generated_Source\PSoC4/cyfitter_cfg.c **** 	/* Disable Crystal Stable Interrupt before enabling ECO */
 195:Generated_Source\PSoC4/cyfitter_cfg.c **** 	CY_SET_REG32((void*)CYREG_BLE_BLESS_LL_DSM_CTRL, CY_GET_REG32((void*)CYREG_BLE_BLESS_LL_DSM_CTRL) 
 107              		.loc 1 195 0
 108 0042 244A     		ldr	r2, .L4+36
 109 0044 1368     		ldr	r3, [r2]
 110 0046 0824     		movs	r4, #8
 111 0048 A343     		bics	r3, r4
 112 004a 1360     		str	r3, [r2]
 196:Generated_Source\PSoC4/cyfitter_cfg.c **** 	/* Start the ECO and do not check status since it is not needed for HFCLK */
 197:Generated_Source\PSoC4/cyfitter_cfg.c **** 	(void)CySysClkEcoStart(2000u);
 113              		.loc 1 197 0
 114 004c FA20     		movs	r0, #250
 115 004e C000     		lsls	r0, r0, #3
 116 0050 FFF7FEFF 		bl	CySysClkEcoStart
 117              	.LVL7:
 198:Generated_Source\PSoC4/cyfitter_cfg.c **** 	CyDelayUs(1500u); /* Wait to stabilize */
 118              		.loc 1 198 0
 119 0054 2048     		ldr	r0, .L4+40
 120 0056 FFF7FEFF 		bl	CyDelayUs
 121              	.LVL8:
 199:Generated_Source\PSoC4/cyfitter_cfg.c **** 
 200:Generated_Source\PSoC4/cyfitter_cfg.c **** 	/* Setup phase aligned clocks */
 201:Generated_Source\PSoC4/cyfitter_cfg.c **** 	CY_SET_REG32((void *)CYREG_PERI_DIV_16_CTL1, 0x00002F00u);
 122              		.loc 1 201 0
 123 005a BC22     		movs	r2, #188
 124 005c 9201     		lsls	r2, r2, #6
 125 005e 1F4B     		ldr	r3, .L4+44
 126 0060 1A60     		str	r2, [r3]
 202:Generated_Source\PSoC4/cyfitter_cfg.c **** 	CY_SET_REG32((void *)CYREG_PERI_DIV_CMD, 0x8000FF41u);
 127              		.loc 1 202 0
 128 0062 1F4B     		ldr	r3, .L4+48
 129 0064 1F4A     		ldr	r2, .L4+52
 130 0066 1A60     		str	r2, [r3]
 203:Generated_Source\PSoC4/cyfitter_cfg.c **** 	CY_SET_REG32((void *)CYREG_PERI_DIV_16_CTL0, 0x00001D00u);
 131              		.loc 1 203 0
 132 0068 E821     		movs	r1, #232
 133 006a 4901     		lsls	r1, r1, #5
 134 006c 1E4A     		ldr	r2, .L4+56
 135 006e 1160     		str	r1, [r2]
 204:Generated_Source\PSoC4/cyfitter_cfg.c **** 	CY_SET_REG32((void *)CYREG_PERI_DIV_CMD, 0x8000FF40u);
 136              		.loc 1 204 0
 137 0070 1E4A     		ldr	r2, .L4+60
 138 0072 1A60     		str	r2, [r3]
ARM GAS  C:\Users\sergio\AppData\Local\Temp\ccCx8xur.s 			page 7


 205:Generated_Source\PSoC4/cyfitter_cfg.c **** 
 206:Generated_Source\PSoC4/cyfitter_cfg.c **** 	/* CYDEV_CLK_IMO_CONFIG Starting address: CYDEV_CLK_IMO_CONFIG */
 207:Generated_Source\PSoC4/cyfitter_cfg.c **** 	CY_SET_REG32((void *)(CYREG_CLK_IMO_CONFIG), 0x82000000u);
 139              		.loc 1 207 0
 140 0074 8222     		movs	r2, #130
 141 0076 1206     		lsls	r2, r2, #24
 142 0078 1D4B     		ldr	r3, .L4+64
 143 007a 1A60     		str	r2, [r3]
 208:Generated_Source\PSoC4/cyfitter_cfg.c **** 
 209:Generated_Source\PSoC4/cyfitter_cfg.c **** 	/* CYDEV_CLK_SELECT Starting address: CYDEV_CLK_SELECT */
 210:Generated_Source\PSoC4/cyfitter_cfg.c **** 	CY_SET_REG32((void *)(CYREG_CLK_SELECT), 0x00040000u);
 144              		.loc 1 210 0
 145 007c 8022     		movs	r2, #128
 146 007e D202     		lsls	r2, r2, #11
 147 0080 1C4B     		ldr	r3, .L4+68
 148 0082 1A60     		str	r2, [r3]
 211:Generated_Source\PSoC4/cyfitter_cfg.c **** 
 212:Generated_Source\PSoC4/cyfitter_cfg.c **** 	/* CYDEV_PERI_PCLK_CTL6 Starting address: CYDEV_PERI_PCLK_CTL6 */
 213:Generated_Source\PSoC4/cyfitter_cfg.c **** 	CY_SET_REG32((void *)(CYREG_PERI_PCLK_CTL6), 0x00000041u);
 149              		.loc 1 213 0
 150 0084 4122     		movs	r2, #65
 151 0086 1C4B     		ldr	r3, .L4+72
 152 0088 1A60     		str	r2, [r3]
 214:Generated_Source\PSoC4/cyfitter_cfg.c **** 
 215:Generated_Source\PSoC4/cyfitter_cfg.c **** 	/* CYDEV_PERI_PCLK_CTL2 Starting address: CYDEV_PERI_PCLK_CTL2 */
 216:Generated_Source\PSoC4/cyfitter_cfg.c **** 	CY_SET_REG32((void *)(CYREG_PERI_PCLK_CTL2), 0x00000040u);
 153              		.loc 1 216 0
 154 008a 013A     		subs	r2, r2, #1
 155 008c 1B4B     		ldr	r3, .L4+76
 156 008e 1A60     		str	r2, [r3]
 217:Generated_Source\PSoC4/cyfitter_cfg.c **** 
 218:Generated_Source\PSoC4/cyfitter_cfg.c **** 	CY_SET_REG32((void *)(CYREG_WDT_MATCH), 0x00007FFFu);
 157              		.loc 1 218 0
 158 0090 1B4A     		ldr	r2, .L4+80
 159 0092 1C4B     		ldr	r3, .L4+84
 160 0094 1A60     		str	r2, [r3]
 219:Generated_Source\PSoC4/cyfitter_cfg.c **** 	CY_SET_REG32((void *)(CYREG_WDT_CONFIG), 0x40000007u);
 161              		.loc 1 219 0
 162 0096 1C4B     		ldr	r3, .L4+88
 163 0098 2B60     		str	r3, [r5]
 220:Generated_Source\PSoC4/cyfitter_cfg.c **** 	CY_SET_REG32((void *)(CYREG_WDT_CONTROL), 0x00000008u);
 164              		.loc 1 220 0
 165 009a 1C4B     		ldr	r3, .L4+92
 166 009c 1C60     		str	r4, [r3]
 167              	.L3:
 221:Generated_Source\PSoC4/cyfitter_cfg.c **** 	while ((CY_GET_XTND_REG32((void CYFAR *)(CYREG_WDT_CONTROL)) & 0x00000008u) != 0u) { }
 168              		.loc 1 221 0 discriminator 1
 169 009e 1B4B     		ldr	r3, .L4+92
 170 00a0 1B68     		ldr	r3, [r3]
 171 00a2 1B07     		lsls	r3, r3, #28
 172 00a4 FBD4     		bmi	.L3
 222:Generated_Source\PSoC4/cyfitter_cfg.c **** 	CY_SET_REG32((void *)(CYREG_WDT_CONTROL), 0x00000001u);
 173              		.loc 1 222 0
 174 00a6 0122     		movs	r2, #1
 175 00a8 184B     		ldr	r3, .L4+92
 176 00aa 1A60     		str	r2, [r3]
 223:Generated_Source\PSoC4/cyfitter_cfg.c **** }
ARM GAS  C:\Users\sergio\AppData\Local\Temp\ccCx8xur.s 			page 8


 177              		.loc 1 223 0
 178              		@ sp needed
 179 00ac 70BD     		pop	{r4, r5, r6, pc}
 180              	.L5:
 181 00ae C046     		.align	2
 182              	.L4:
 183 00b0 30001040 		.word	1074790448
 184 00b4 001BB700 		.word	12000000
 185 00b8 06000080 		.word	-2147483642
 186 00bc 04010B40 		.word	1074462980
 187 00c0 0C020B40 		.word	1074463244
 188 00c4 78002E40 		.word	1076756600
 189 00c8 2D3E0000 		.word	15917
 190 00cc 7C002E40 		.word	1076756604
 191 00d0 64F02E40 		.word	1076818020
 192 00d4 6CF02E40 		.word	1076818028
 193 00d8 DC050000 		.word	1500
 194 00dc 04030140 		.word	1073808132
 195 00e0 00000140 		.word	1073807360
 196 00e4 41FF0080 		.word	-2147418303
 197 00e8 00030140 		.word	1073808128
 198 00ec 40FF0080 		.word	-2147418304
 199 00f0 08010B40 		.word	1074462984
 200 00f4 00010B40 		.word	1074462976
 201 00f8 18010140 		.word	1073807640
 202 00fc 08010140 		.word	1073807624
 203 0100 FF7F0000 		.word	32767
 204 0104 08020B40 		.word	1074463240
 205 0108 07000040 		.word	1073741831
 206 010c 10020B40 		.word	1074463248
 207              		.cfi_endproc
 208              	.LFE5:
 209              		.size	ClockSetup, .-ClockSetup
 210              		.section	.text.SetAnalogRoutingPumps,"ax",%progbits
 211              		.align	2
 212              		.global	SetAnalogRoutingPumps
 213              		.code	16
 214              		.thumb_func
 215              		.type	SetAnalogRoutingPumps, %function
 216              	SetAnalogRoutingPumps:
 217              	.LFB7:
 224:Generated_Source\PSoC4/cyfitter_cfg.c **** 
 225:Generated_Source\PSoC4/cyfitter_cfg.c **** 
 226:Generated_Source\PSoC4/cyfitter_cfg.c **** /* Analog API Functions */
 227:Generated_Source\PSoC4/cyfitter_cfg.c **** 
 228:Generated_Source\PSoC4/cyfitter_cfg.c **** 
 229:Generated_Source\PSoC4/cyfitter_cfg.c **** /*******************************************************************************
 230:Generated_Source\PSoC4/cyfitter_cfg.c **** * Function Name: AnalogSetDefault
 231:Generated_Source\PSoC4/cyfitter_cfg.c **** ********************************************************************************
 232:Generated_Source\PSoC4/cyfitter_cfg.c **** *
 233:Generated_Source\PSoC4/cyfitter_cfg.c **** * Summary:
 234:Generated_Source\PSoC4/cyfitter_cfg.c **** *  Sets up the analog portions of the chip to default values based on chip
 235:Generated_Source\PSoC4/cyfitter_cfg.c **** *  configuration options from the project.
 236:Generated_Source\PSoC4/cyfitter_cfg.c **** *
 237:Generated_Source\PSoC4/cyfitter_cfg.c **** * Parameters:
 238:Generated_Source\PSoC4/cyfitter_cfg.c **** *  void
 239:Generated_Source\PSoC4/cyfitter_cfg.c **** *
ARM GAS  C:\Users\sergio\AppData\Local\Temp\ccCx8xur.s 			page 9


 240:Generated_Source\PSoC4/cyfitter_cfg.c **** * Return:
 241:Generated_Source\PSoC4/cyfitter_cfg.c **** *  void
 242:Generated_Source\PSoC4/cyfitter_cfg.c **** *
 243:Generated_Source\PSoC4/cyfitter_cfg.c **** *******************************************************************************/
 244:Generated_Source\PSoC4/cyfitter_cfg.c **** static void AnalogSetDefault(void);
 245:Generated_Source\PSoC4/cyfitter_cfg.c **** static void AnalogSetDefault(void)
 246:Generated_Source\PSoC4/cyfitter_cfg.c **** {
 247:Generated_Source\PSoC4/cyfitter_cfg.c **** 	CY_SET_XTND_REG32((void CYFAR *)CYREG_CTBM0_DFT_CTRL, 0x00000003u);
 248:Generated_Source\PSoC4/cyfitter_cfg.c **** 	CY_SET_XTND_REG32((void CYFAR *)CYREG_CTBM1_DFT_CTRL, 0x00000003u);
 249:Generated_Source\PSoC4/cyfitter_cfg.c **** 	CY_SET_XTND_REG32((void CYFAR *)CYREG_SAR_CTRL, 0x80000000u);
 250:Generated_Source\PSoC4/cyfitter_cfg.c **** 	CY_SET_XTND_REG32((void CYFAR *)CYREG_SAR_MUX_SWITCH0, 0x00000004u);
 251:Generated_Source\PSoC4/cyfitter_cfg.c **** 	CY_SET_XTND_REG32((void CYFAR *)CYREG_PASS_DSAB_DSAB_CTRL, 0x00000000u);
 252:Generated_Source\PSoC4/cyfitter_cfg.c **** 	SetAnalogRoutingPumps(1);
 253:Generated_Source\PSoC4/cyfitter_cfg.c **** }
 254:Generated_Source\PSoC4/cyfitter_cfg.c **** 
 255:Generated_Source\PSoC4/cyfitter_cfg.c **** 
 256:Generated_Source\PSoC4/cyfitter_cfg.c **** /*******************************************************************************
 257:Generated_Source\PSoC4/cyfitter_cfg.c **** * Function Name: SetAnalogRoutingPumps
 258:Generated_Source\PSoC4/cyfitter_cfg.c **** ********************************************************************************
 259:Generated_Source\PSoC4/cyfitter_cfg.c **** *
 260:Generated_Source\PSoC4/cyfitter_cfg.c **** * Summary:
 261:Generated_Source\PSoC4/cyfitter_cfg.c **** * Enables or disables the analog pumps feeding analog routing switches.
 262:Generated_Source\PSoC4/cyfitter_cfg.c **** * Intended to be called at startup, based on the Vdda system configuration;
 263:Generated_Source\PSoC4/cyfitter_cfg.c **** * may be called during operation when the user informs us that the Vdda voltage crossed the pump th
 264:Generated_Source\PSoC4/cyfitter_cfg.c **** *
 265:Generated_Source\PSoC4/cyfitter_cfg.c **** * Parameters:
 266:Generated_Source\PSoC4/cyfitter_cfg.c **** *  enabled - 1 to enable the pumps, 0 to disable the pumps
 267:Generated_Source\PSoC4/cyfitter_cfg.c **** *
 268:Generated_Source\PSoC4/cyfitter_cfg.c **** * Return:
 269:Generated_Source\PSoC4/cyfitter_cfg.c **** *  void
 270:Generated_Source\PSoC4/cyfitter_cfg.c **** *
 271:Generated_Source\PSoC4/cyfitter_cfg.c **** *******************************************************************************/
 272:Generated_Source\PSoC4/cyfitter_cfg.c **** void SetAnalogRoutingPumps(uint8 enabled)
 273:Generated_Source\PSoC4/cyfitter_cfg.c **** {
 218              		.loc 1 273 0
 219              		.cfi_startproc
 220              		@ args = 0, pretend = 0, frame = 0
 221              		@ frame_needed = 0, uses_anonymous_args = 0
 222              		@ link register save eliminated.
 223              	.LVL9:
 274:Generated_Source\PSoC4/cyfitter_cfg.c **** 	uint32 regValue = CY_GET_XTND_REG32((void *)(CYREG_SAR_PUMP_CTRL));
 224              		.loc 1 274 0
 225 0000 064B     		ldr	r3, .L9
 226 0002 1B68     		ldr	r3, [r3]
 227              	.LVL10:
 275:Generated_Source\PSoC4/cyfitter_cfg.c **** 	if (enabled != 0u)
 228              		.loc 1 275 0
 229 0004 0028     		cmp	r0, #0
 230 0006 03D0     		beq	.L7
 276:Generated_Source\PSoC4/cyfitter_cfg.c **** 	{
 277:Generated_Source\PSoC4/cyfitter_cfg.c **** 		regValue |= 0x80000000u;
 231              		.loc 1 277 0
 232 0008 8022     		movs	r2, #128
 233 000a 1206     		lsls	r2, r2, #24
 234 000c 1343     		orrs	r3, r2
 235              	.LVL11:
 236 000e 01E0     		b	.L8
ARM GAS  C:\Users\sergio\AppData\Local\Temp\ccCx8xur.s 			page 10


 237              	.L7:
 278:Generated_Source\PSoC4/cyfitter_cfg.c **** 	}
 279:Generated_Source\PSoC4/cyfitter_cfg.c **** 	else
 280:Generated_Source\PSoC4/cyfitter_cfg.c **** 	{
 281:Generated_Source\PSoC4/cyfitter_cfg.c **** 		regValue &= ~0x80000000u;
 238              		.loc 1 281 0
 239 0010 5B00     		lsls	r3, r3, #1
 240              	.LVL12:
 241 0012 5B08     		lsrs	r3, r3, #1
 242              	.LVL13:
 243              	.L8:
 282:Generated_Source\PSoC4/cyfitter_cfg.c **** 	}
 283:Generated_Source\PSoC4/cyfitter_cfg.c **** 	CY_SET_XTND_REG32((void *)(CYREG_SAR_PUMP_CTRL), regValue);
 244              		.loc 1 283 0
 245 0014 014A     		ldr	r2, .L9
 246 0016 1360     		str	r3, [r2]
 284:Generated_Source\PSoC4/cyfitter_cfg.c **** }
 247              		.loc 1 284 0
 248              		@ sp needed
 249 0018 7047     		bx	lr
 250              	.L10:
 251 001a C046     		.align	2
 252              	.L9:
 253 001c 80033A40 		.word	1077543808
 254              		.cfi_endproc
 255              	.LFE7:
 256              		.size	SetAnalogRoutingPumps, .-SetAnalogRoutingPumps
 257              		.section	.text.AnalogSetDefault,"ax",%progbits
 258              		.align	2
 259              		.code	16
 260              		.thumb_func
 261              		.type	AnalogSetDefault, %function
 262              	AnalogSetDefault:
 263              	.LFB6:
 246:Generated_Source\PSoC4/cyfitter_cfg.c **** 	CY_SET_XTND_REG32((void CYFAR *)CYREG_CTBM0_DFT_CTRL, 0x00000003u);
 264              		.loc 1 246 0
 265              		.cfi_startproc
 266              		@ args = 0, pretend = 0, frame = 0
 267              		@ frame_needed = 0, uses_anonymous_args = 0
 268 0000 10B5     		push	{r4, lr}
 269              		.cfi_def_cfa_offset 8
 270              		.cfi_offset 4, -8
 271              		.cfi_offset 14, -4
 247:Generated_Source\PSoC4/cyfitter_cfg.c **** 	CY_SET_XTND_REG32((void CYFAR *)CYREG_CTBM1_DFT_CTRL, 0x00000003u);
 272              		.loc 1 247 0
 273 0002 0323     		movs	r3, #3
 274 0004 084A     		ldr	r2, .L12
 275 0006 1360     		str	r3, [r2]
 248:Generated_Source\PSoC4/cyfitter_cfg.c **** 	CY_SET_XTND_REG32((void CYFAR *)CYREG_SAR_CTRL, 0x80000000u);
 276              		.loc 1 248 0
 277 0008 084A     		ldr	r2, .L12+4
 278 000a 1360     		str	r3, [r2]
 249:Generated_Source\PSoC4/cyfitter_cfg.c **** 	CY_SET_XTND_REG32((void CYFAR *)CYREG_SAR_MUX_SWITCH0, 0x00000004u);
 279              		.loc 1 249 0
 280 000c 8022     		movs	r2, #128
 281 000e 1206     		lsls	r2, r2, #24
 282 0010 074B     		ldr	r3, .L12+8
ARM GAS  C:\Users\sergio\AppData\Local\Temp\ccCx8xur.s 			page 11


 283 0012 1A60     		str	r2, [r3]
 250:Generated_Source\PSoC4/cyfitter_cfg.c **** 	CY_SET_XTND_REG32((void CYFAR *)CYREG_PASS_DSAB_DSAB_CTRL, 0x00000000u);
 284              		.loc 1 250 0
 285 0014 0422     		movs	r2, #4
 286 0016 074B     		ldr	r3, .L12+12
 287 0018 1A60     		str	r2, [r3]
 251:Generated_Source\PSoC4/cyfitter_cfg.c **** 	SetAnalogRoutingPumps(1);
 288              		.loc 1 251 0
 289 001a 0022     		movs	r2, #0
 290 001c 064B     		ldr	r3, .L12+16
 291 001e 1A60     		str	r2, [r3]
 252:Generated_Source\PSoC4/cyfitter_cfg.c **** }
 292              		.loc 1 252 0
 293 0020 0120     		movs	r0, #1
 294 0022 FFF7FEFF 		bl	SetAnalogRoutingPumps
 295              	.LVL14:
 253:Generated_Source\PSoC4/cyfitter_cfg.c **** 
 296              		.loc 1 253 0
 297              		@ sp needed
 298 0026 10BD     		pop	{r4, pc}
 299              	.L13:
 300              		.align	2
 301              	.L12:
 302 0028 30003040 		.word	1076887600
 303 002c 30003140 		.word	1076953136
 304 0030 00003A40 		.word	1077542912
 305 0034 00033A40 		.word	1077543680
 306 0038 000E3F40 		.word	1077874176
 307              		.cfi_endproc
 308              	.LFE6:
 309              		.size	AnalogSetDefault, .-AnalogSetDefault
 310              		.section	.psocinit
 311              		.align	2
 312              		.global	cyfitter_cfg
 313              		.code	16
 314              		.thumb_func
 315              		.type	cyfitter_cfg, %function
 316              	cyfitter_cfg:
 317              	.LFB8:
 285:Generated_Source\PSoC4/cyfitter_cfg.c **** 
 286:Generated_Source\PSoC4/cyfitter_cfg.c **** 
 287:Generated_Source\PSoC4/cyfitter_cfg.c **** 
 288:Generated_Source\PSoC4/cyfitter_cfg.c **** 
 289:Generated_Source\PSoC4/cyfitter_cfg.c **** /*******************************************************************************
 290:Generated_Source\PSoC4/cyfitter_cfg.c **** * Function Name: cyfitter_cfg
 291:Generated_Source\PSoC4/cyfitter_cfg.c **** ********************************************************************************
 292:Generated_Source\PSoC4/cyfitter_cfg.c **** * Summary:
 293:Generated_Source\PSoC4/cyfitter_cfg.c **** *  This function is called by the start-up code for the selected device. It
 294:Generated_Source\PSoC4/cyfitter_cfg.c **** *  performs all of the necessary device configuration based on the design
 295:Generated_Source\PSoC4/cyfitter_cfg.c **** *  settings.  This includes settings from the Design Wide Resources (DWR) such
 296:Generated_Source\PSoC4/cyfitter_cfg.c **** *  as Clocks and Pins as well as any component configuration that is necessary.
 297:Generated_Source\PSoC4/cyfitter_cfg.c **** *
 298:Generated_Source\PSoC4/cyfitter_cfg.c **** * Parameters:
 299:Generated_Source\PSoC4/cyfitter_cfg.c **** *   void
 300:Generated_Source\PSoC4/cyfitter_cfg.c **** *
 301:Generated_Source\PSoC4/cyfitter_cfg.c **** * Return:
 302:Generated_Source\PSoC4/cyfitter_cfg.c **** *   void
ARM GAS  C:\Users\sergio\AppData\Local\Temp\ccCx8xur.s 			page 12


 303:Generated_Source\PSoC4/cyfitter_cfg.c **** *
 304:Generated_Source\PSoC4/cyfitter_cfg.c **** *******************************************************************************/
 305:Generated_Source\PSoC4/cyfitter_cfg.c **** CY_CFG_SECTION
 306:Generated_Source\PSoC4/cyfitter_cfg.c **** void cyfitter_cfg(void)
 307:Generated_Source\PSoC4/cyfitter_cfg.c **** {
 318              		.loc 1 307 0
 319              		.cfi_startproc
 320              		@ args = 0, pretend = 0, frame = 0
 321              		@ frame_needed = 0, uses_anonymous_args = 0
 322 0110 10B5     		push	{r4, lr}
 323              		.cfi_def_cfa_offset 8
 324              		.cfi_offset 4, -8
 325              		.cfi_offset 14, -4
 308:Generated_Source\PSoC4/cyfitter_cfg.c **** 	/* Disable interrupts by default. Let user enable if/when they want. */
 309:Generated_Source\PSoC4/cyfitter_cfg.c **** 	CyGlobalIntDisable;
 326              		.loc 1 309 0
 327              		.syntax divided
 328              	@ 309 "Generated_Source\PSoC4\cyfitter_cfg.c" 1
 329 0112 72B6     		CPSID   i
 330              	@ 0 "" 2
 310:Generated_Source\PSoC4/cyfitter_cfg.c **** 
 311:Generated_Source\PSoC4/cyfitter_cfg.c **** 	CY_SET_REG32((void *)(CYREG_BLE_BLESS_LL_DSM_CTRL), 0x00000000u);
 331              		.loc 1 311 0
 332              		.thumb
 333              		.syntax unified
 334 0114 0022     		movs	r2, #0
 335 0116 264B     		ldr	r3, .L17
 336 0118 1A60     		str	r2, [r3]
 337              	.LVL15:
 338              	.LBB2:
 312:Generated_Source\PSoC4/cyfitter_cfg.c **** 
 313:Generated_Source\PSoC4/cyfitter_cfg.c **** 	{
 314:Generated_Source\PSoC4/cyfitter_cfg.c **** 
 315:Generated_Source\PSoC4/cyfitter_cfg.c **** 		CYPACKED typedef struct {
 316:Generated_Source\PSoC4/cyfitter_cfg.c **** 			void CYFAR *address;
 317:Generated_Source\PSoC4/cyfitter_cfg.c **** 			uint16 size;
 318:Generated_Source\PSoC4/cyfitter_cfg.c **** 		} CYPACKED_ATTR cfg_memset_t;
 319:Generated_Source\PSoC4/cyfitter_cfg.c **** 
 320:Generated_Source\PSoC4/cyfitter_cfg.c **** 		static const cfg_memset_t CYCODE cfg_memset_list[] = {
 321:Generated_Source\PSoC4/cyfitter_cfg.c **** 			/* address, size */
 322:Generated_Source\PSoC4/cyfitter_cfg.c **** 			{(void CYFAR *)(CYDEV_UDB_P0_U0_BASE), 1024u},
 323:Generated_Source\PSoC4/cyfitter_cfg.c **** 			{(void CYFAR *)(CYDEV_UDB_DSI0_BASE), 1024u},
 324:Generated_Source\PSoC4/cyfitter_cfg.c **** 		};
 325:Generated_Source\PSoC4/cyfitter_cfg.c **** 
 326:Generated_Source\PSoC4/cyfitter_cfg.c **** 		uint8 CYDATA i;
 327:Generated_Source\PSoC4/cyfitter_cfg.c **** 
 328:Generated_Source\PSoC4/cyfitter_cfg.c **** 		/* Zero out critical memory blocks before beginning configuration */
 329:Generated_Source\PSoC4/cyfitter_cfg.c **** 		for (i = 0u; i < (sizeof(cfg_memset_list)/sizeof(cfg_memset_list[0])); i++)
 339              		.loc 1 329 0
 340 011a 0024     		movs	r4, #0
 341 011c 0FE0     		b	.L15
 342              	.LVL16:
 343              	.L16:
 344              	.LBB3:
 330:Generated_Source\PSoC4/cyfitter_cfg.c **** 		{
 331:Generated_Source\PSoC4/cyfitter_cfg.c **** 			const cfg_memset_t CYCODE * CYDATA ms = &cfg_memset_list[i];
 332:Generated_Source\PSoC4/cyfitter_cfg.c **** 			CYMEMZERO(ms->address, (size_t)(uint32)(ms->size));
ARM GAS  C:\Users\sergio\AppData\Local\Temp\ccCx8xur.s 			page 13


 345              		.loc 1 332 0 discriminator 3
 346 011e 2548     		ldr	r0, .L17+4
 347 0120 6200     		lsls	r2, r4, #1
 348 0122 1319     		adds	r3, r2, r4
 349 0124 5900     		lsls	r1, r3, #1
 350 0126 0B00     		movs	r3, r1
 351 0128 4118     		adds	r1, r0, r1
 352 012a 8988     		ldrh	r1, [r1, #4]
 353 012c 1A5A     		ldrh	r2, [r3, r0]
 354 012e C318     		adds	r3, r0, r3
 355 0130 5888     		ldrh	r0, [r3, #2]
 356 0132 0004     		lsls	r0, r0, #16
 357 0134 1043     		orrs	r0, r2
 358 0136 FFF7FEFF 		bl	CYMEMZERO
 359              	.LVL17:
 360              	.LBE3:
 329:Generated_Source\PSoC4/cyfitter_cfg.c **** 		{
 361              		.loc 1 329 0 discriminator 3
 362 013a 0134     		adds	r4, r4, #1
 363              	.LVL18:
 364 013c E4B2     		uxtb	r4, r4
 365              	.LVL19:
 366              	.L15:
 329:Generated_Source\PSoC4/cyfitter_cfg.c **** 		{
 367              		.loc 1 329 0 is_stmt 0 discriminator 1
 368 013e 012C     		cmp	r4, #1
 369 0140 EDD9     		bls	.L16
 333:Generated_Source\PSoC4/cyfitter_cfg.c **** 		}
 334:Generated_Source\PSoC4/cyfitter_cfg.c **** 
 335:Generated_Source\PSoC4/cyfitter_cfg.c **** 		/* HSIOM Starting address: CYDEV_HSIOM_BASE */
 336:Generated_Source\PSoC4/cyfitter_cfg.c **** 		CY_SET_REG32((void *)(CYDEV_HSIOM_BASE), 0xEE0000EEu);
 370              		.loc 1 336 0 is_stmt 1
 371 0142 1D4A     		ldr	r2, .L17+8
 372 0144 1D4B     		ldr	r3, .L17+12
 373 0146 1A60     		str	r2, [r3]
 337:Generated_Source\PSoC4/cyfitter_cfg.c **** 
 338:Generated_Source\PSoC4/cyfitter_cfg.c **** 		/* UDB_PA_0 Starting address: CYDEV_UDB_PA0_BASE */
 339:Generated_Source\PSoC4/cyfitter_cfg.c **** 		CY_SET_REG32((void *)(CYDEV_UDB_PA0_BASE), 0x00990000u);
 374              		.loc 1 339 0
 375 0148 9923     		movs	r3, #153
 376 014a 1B04     		lsls	r3, r3, #16
 377 014c 1C4A     		ldr	r2, .L17+16
 378 014e 1360     		str	r3, [r2]
 340:Generated_Source\PSoC4/cyfitter_cfg.c **** 
 341:Generated_Source\PSoC4/cyfitter_cfg.c **** 		/* UDB_PA_1 Starting address: CYDEV_UDB_PA1_BASE */
 342:Generated_Source\PSoC4/cyfitter_cfg.c **** 		CY_SET_REG32((void *)(CYDEV_UDB_PA1_BASE), 0x00990000u);
 379              		.loc 1 342 0
 380 0150 1C4A     		ldr	r2, .L17+20
 381 0152 1360     		str	r3, [r2]
 343:Generated_Source\PSoC4/cyfitter_cfg.c **** 
 344:Generated_Source\PSoC4/cyfitter_cfg.c **** 		/* UDB_PA_2 Starting address: CYDEV_UDB_PA2_BASE */
 345:Generated_Source\PSoC4/cyfitter_cfg.c **** 		CY_SET_REG32((void *)(CYDEV_UDB_PA2_BASE), 0x00990000u);
 382              		.loc 1 345 0
 383 0154 1C4A     		ldr	r2, .L17+24
 384 0156 1360     		str	r3, [r2]
 346:Generated_Source\PSoC4/cyfitter_cfg.c **** 
 347:Generated_Source\PSoC4/cyfitter_cfg.c **** 		/* UDB_PA_3 Starting address: CYDEV_UDB_PA3_BASE */
ARM GAS  C:\Users\sergio\AppData\Local\Temp\ccCx8xur.s 			page 14


 348:Generated_Source\PSoC4/cyfitter_cfg.c **** 		CY_SET_REG32((void *)(CYDEV_UDB_PA3_BASE), 0x00990000u);
 385              		.loc 1 348 0
 386 0158 1C4A     		ldr	r2, .L17+28
 387 015a 1360     		str	r3, [r2]
 349:Generated_Source\PSoC4/cyfitter_cfg.c **** 
 350:Generated_Source\PSoC4/cyfitter_cfg.c **** 		/* Enable digital routing */
 351:Generated_Source\PSoC4/cyfitter_cfg.c **** 		CY_SET_XTND_REG8((void *)CYREG_UDB_UDBIF_BANK_CTL, (uint8)(CY_GET_XTND_REG8((void *)CYREG_UDB_UDB
 388              		.loc 1 351 0
 389 015c 1C4A     		ldr	r2, .L17+32
 390 015e 1178     		ldrb	r1, [r2]
 391 0160 0623     		movs	r3, #6
 392 0162 0B43     		orrs	r3, r1
 393 0164 DBB2     		uxtb	r3, r3
 394 0166 1370     		strb	r3, [r2]
 395              	.LBE2:
 352:Generated_Source\PSoC4/cyfitter_cfg.c **** 	}
 353:Generated_Source\PSoC4/cyfitter_cfg.c **** 
 354:Generated_Source\PSoC4/cyfitter_cfg.c **** 	/* Perform second pass device configuration. These items must be configured in specific order afte
 355:Generated_Source\PSoC4/cyfitter_cfg.c **** 	/* IOPINS0_0 Starting address: CYDEV_GPIO_PRT0_BASE */
 356:Generated_Source\PSoC4/cyfitter_cfg.c **** 	CY_SET_REG32((void *)(CYDEV_GPIO_PRT0_BASE), 0x00000003u);
 396              		.loc 1 356 0
 397 0168 0322     		movs	r2, #3
 398 016a 1A4B     		ldr	r3, .L17+36
 399 016c 1A60     		str	r2, [r3]
 357:Generated_Source\PSoC4/cyfitter_cfg.c **** 	CY_SET_REG32((void *)(CYREG_GPIO_PRT0_PC), 0x00DB0024u);
 400              		.loc 1 357 0
 401 016e 1A4A     		ldr	r2, .L17+40
 402 0170 1A4B     		ldr	r3, .L17+44
 403 0172 1A60     		str	r2, [r3]
 358:Generated_Source\PSoC4/cyfitter_cfg.c **** 
 359:Generated_Source\PSoC4/cyfitter_cfg.c **** 	/* IOPINS0_1 Starting address: CYDEV_GPIO_PRT1_BASE */
 360:Generated_Source\PSoC4/cyfitter_cfg.c **** 	CY_SET_REG32((void *)(CYDEV_GPIO_PRT1_BASE), 0x00000020u);
 404              		.loc 1 360 0
 405 0174 2022     		movs	r2, #32
 406 0176 1A4B     		ldr	r3, .L17+48
 407 0178 1A60     		str	r2, [r3]
 361:Generated_Source\PSoC4/cyfitter_cfg.c **** 	CY_SET_REG32((void *)(CYREG_GPIO_PRT1_PC), 0x00030000u);
 408              		.loc 1 361 0
 409 017a C022     		movs	r2, #192
 410 017c 9202     		lsls	r2, r2, #10
 411 017e 194B     		ldr	r3, .L17+52
 412 0180 1A60     		str	r2, [r3]
 362:Generated_Source\PSoC4/cyfitter_cfg.c **** 
 363:Generated_Source\PSoC4/cyfitter_cfg.c **** 	/* IOPINS0_2 Starting address: CYDEV_GPIO_PRT2_BASE */
 364:Generated_Source\PSoC4/cyfitter_cfg.c **** 	CY_SET_REG32((void *)(CYDEV_GPIO_PRT2_BASE), 0x00000040u);
 413              		.loc 1 364 0
 414 0182 4022     		movs	r2, #64
 415 0184 184B     		ldr	r3, .L17+56
 416 0186 1A60     		str	r2, [r3]
 365:Generated_Source\PSoC4/cyfitter_cfg.c **** 	CY_SET_REG32((void *)(CYREG_GPIO_PRT2_PC), 0x00180000u);
 417              		.loc 1 365 0
 418 0188 C022     		movs	r2, #192
 419 018a 5203     		lsls	r2, r2, #13
 420 018c 174B     		ldr	r3, .L17+60
 421 018e 1A60     		str	r2, [r3]
 366:Generated_Source\PSoC4/cyfitter_cfg.c **** 
 367:Generated_Source\PSoC4/cyfitter_cfg.c **** 	/* IOPINS0_3 Starting address: CYDEV_GPIO_PRT3_BASE */
ARM GAS  C:\Users\sergio\AppData\Local\Temp\ccCx8xur.s 			page 15


 368:Generated_Source\PSoC4/cyfitter_cfg.c **** 	CY_SET_REG32((void *)(CYDEV_GPIO_PRT3_BASE), 0x000000C0u);
 422              		.loc 1 368 0
 423 0190 C022     		movs	r2, #192
 424 0192 174B     		ldr	r3, .L17+64
 425 0194 1A60     		str	r2, [r3]
 369:Generated_Source\PSoC4/cyfitter_cfg.c **** 	CY_SET_REG32((void *)(CYREG_GPIO_PRT3_PC), 0x00D80000u);
 426              		.loc 1 369 0
 427 0196 D822     		movs	r2, #216
 428 0198 1204     		lsls	r2, r2, #16
 429 019a 164B     		ldr	r3, .L17+68
 430 019c 1A60     		str	r2, [r3]
 370:Generated_Source\PSoC4/cyfitter_cfg.c **** 	CY_SET_REG32((void *)(CYREG_GPIO_PRT3_PC2), 0x00000004u);
 431              		.loc 1 370 0
 432 019e 0422     		movs	r2, #4
 433 01a0 154B     		ldr	r3, .L17+72
 434 01a2 1A60     		str	r2, [r3]
 371:Generated_Source\PSoC4/cyfitter_cfg.c **** 
 372:Generated_Source\PSoC4/cyfitter_cfg.c **** 
 373:Generated_Source\PSoC4/cyfitter_cfg.c **** 	/* Setup clocks based on selections from Clock DWR */
 374:Generated_Source\PSoC4/cyfitter_cfg.c **** 	ClockSetup();
 435              		.loc 1 374 0
 436 01a4 FFF72CFF 		bl	ClockSetup
 437              	.LVL20:
 375:Generated_Source\PSoC4/cyfitter_cfg.c **** 
 376:Generated_Source\PSoC4/cyfitter_cfg.c **** 	/* Perform basic analog initialization to defaults */
 377:Generated_Source\PSoC4/cyfitter_cfg.c **** 	AnalogSetDefault();
 438              		.loc 1 377 0
 439 01a8 FFF7FEFF 		bl	AnalogSetDefault
 440              	.LVL21:
 378:Generated_Source\PSoC4/cyfitter_cfg.c **** 
 379:Generated_Source\PSoC4/cyfitter_cfg.c **** }
 441              		.loc 1 379 0
 442              		@ sp needed
 443              	.LVL22:
 444 01ac 10BD     		pop	{r4, pc}
 445              	.L18:
 446 01ae C046     		.align	2
 447              	.L17:
 448 01b0 6CF02E40 		.word	1076818028
 449 01b4 00000000 		.word	.LANCHOR0
 450 01b8 EE0000EE 		.word	-301989650
 451 01bc 00000240 		.word	1073872896
 452 01c0 00500F40 		.word	1074745344
 453 01c4 10500F40 		.word	1074745360
 454 01c8 20500F40 		.word	1074745376
 455 01cc 30500F40 		.word	1074745392
 456 01d0 00700F40 		.word	1074753536
 457 01d4 00000440 		.word	1074003968
 458 01d8 2400DB00 		.word	14352420
 459 01dc 08000440 		.word	1074003976
 460 01e0 00010440 		.word	1074004224
 461 01e4 08010440 		.word	1074004232
 462 01e8 00020440 		.word	1074004480
 463 01ec 08020440 		.word	1074004488
 464 01f0 00030440 		.word	1074004736
 465 01f4 08030440 		.word	1074004744
 466 01f8 18030440 		.word	1074004760
ARM GAS  C:\Users\sergio\AppData\Local\Temp\ccCx8xur.s 			page 16


 467              		.cfi_endproc
 468              	.LFE8:
 469              		.size	cyfitter_cfg, .-cyfitter_cfg
 470              		.section	.rodata
 471              		.align	2
 472              		.set	.LANCHOR0,. + 0
 473              		.type	cfg_memset_list.4893, %object
 474              		.size	cfg_memset_list.4893, 12
 475              	cfg_memset_list.4893:
 476 0000 00300F40 		.word	1074737152
 477 0004 0004     		.short	1024
 478 0006 00400F40 		.4byte	1074741248
 479 000a 0004     		.short	1024
 480              		.text
 481              	.Letext0:
 482              		.file 2 "c:\\program files (x86)\\cypress\\psoc creator\\4.2\\psoc creator\\import\\gnu\\arm\\5.4.
 483              		.file 3 "Generated_Source\\PSoC4\\cytypes.h"
 484              		.file 4 "Generated_Source\\PSoC4\\CyLFClk.h"
 485              		.file 5 "Generated_Source\\PSoC4\\CyLib.h"
 486              		.section	.debug_info,"",%progbits
 487              	.Ldebug_info0:
 488 0000 36030000 		.4byte	0x336
 489 0004 0400     		.2byte	0x4
 490 0006 00000000 		.4byte	.Ldebug_abbrev0
 491 000a 04       		.byte	0x4
 492 000b 01       		.uleb128 0x1
 493 000c 2E010000 		.4byte	.LASF37
 494 0010 0C       		.byte	0xc
 495 0011 81020000 		.4byte	.LASF38
 496 0015 27020000 		.4byte	.LASF39
 497 0019 00000000 		.4byte	.Ldebug_ranges0+0
 498 001d 00000000 		.4byte	0
 499 0021 00000000 		.4byte	.Ldebug_line0
 500 0025 02       		.uleb128 0x2
 501 0026 04       		.byte	0x4
 502 0027 05       		.byte	0x5
 503 0028 696E7400 		.ascii	"int\000"
 504 002c 03       		.uleb128 0x3
 505 002d 14000000 		.4byte	.LASF12
 506 0031 02       		.byte	0x2
 507 0032 D8       		.byte	0xd8
 508 0033 37000000 		.4byte	0x37
 509 0037 04       		.uleb128 0x4
 510 0038 04       		.byte	0x4
 511 0039 07       		.byte	0x7
 512 003a 02010000 		.4byte	.LASF0
 513 003e 04       		.uleb128 0x4
 514 003f 08       		.byte	0x8
 515 0040 05       		.byte	0x5
 516 0041 D2010000 		.4byte	.LASF1
 517 0045 04       		.uleb128 0x4
 518 0046 08       		.byte	0x8
 519 0047 04       		.byte	0x4
 520 0048 69020000 		.4byte	.LASF2
 521 004c 04       		.uleb128 0x4
 522 004d 01       		.byte	0x1
 523 004e 06       		.byte	0x6
ARM GAS  C:\Users\sergio\AppData\Local\Temp\ccCx8xur.s 			page 17


 524 004f 75020000 		.4byte	.LASF3
 525 0053 04       		.uleb128 0x4
 526 0054 01       		.byte	0x1
 527 0055 08       		.byte	0x8
 528 0056 CB000000 		.4byte	.LASF4
 529 005a 04       		.uleb128 0x4
 530 005b 02       		.byte	0x2
 531 005c 05       		.byte	0x5
 532 005d 08020000 		.4byte	.LASF5
 533 0061 04       		.uleb128 0x4
 534 0062 02       		.byte	0x2
 535 0063 07       		.byte	0x7
 536 0064 47000000 		.4byte	.LASF6
 537 0068 04       		.uleb128 0x4
 538 0069 04       		.byte	0x4
 539 006a 05       		.byte	0x5
 540 006b 60020000 		.4byte	.LASF7
 541 006f 04       		.uleb128 0x4
 542 0070 04       		.byte	0x4
 543 0071 07       		.byte	0x7
 544 0072 82000000 		.4byte	.LASF8
 545 0076 04       		.uleb128 0x4
 546 0077 08       		.byte	0x8
 547 0078 07       		.byte	0x7
 548 0079 17010000 		.4byte	.LASF9
 549 007d 04       		.uleb128 0x4
 550 007e 04       		.byte	0x4
 551 007f 07       		.byte	0x7
 552 0080 C9010000 		.4byte	.LASF10
 553 0084 05       		.uleb128 0x5
 554 0085 04       		.byte	0x4
 555 0086 04       		.uleb128 0x4
 556 0087 01       		.byte	0x1
 557 0088 08       		.byte	0x8
 558 0089 EA010000 		.4byte	.LASF11
 559 008d 06       		.uleb128 0x6
 560 008e 94000000 		.4byte	.LASF13
 561 0092 03       		.byte	0x3
 562 0093 E401     		.2byte	0x1e4
 563 0095 53000000 		.4byte	0x53
 564 0099 06       		.uleb128 0x6
 565 009a F4000000 		.4byte	.LASF14
 566 009e 03       		.byte	0x3
 567 009f E501     		.2byte	0x1e5
 568 00a1 61000000 		.4byte	0x61
 569 00a5 06       		.uleb128 0x6
 570 00a6 FB000000 		.4byte	.LASF15
 571 00aa 03       		.byte	0x3
 572 00ab E601     		.2byte	0x1e6
 573 00ad 6F000000 		.4byte	0x6f
 574 00b1 04       		.uleb128 0x4
 575 00b2 04       		.byte	0x4
 576 00b3 04       		.byte	0x4
 577 00b4 5A000000 		.4byte	.LASF16
 578 00b8 04       		.uleb128 0x4
 579 00b9 08       		.byte	0x8
 580 00ba 04       		.byte	0x4
ARM GAS  C:\Users\sergio\AppData\Local\Temp\ccCx8xur.s 			page 18


 581 00bb E0000000 		.4byte	.LASF17
 582 00bf 06       		.uleb128 0x6
 583 00c0 7D000000 		.4byte	.LASF18
 584 00c4 03       		.byte	0x3
 585 00c5 8E02     		.2byte	0x28e
 586 00c7 CB000000 		.4byte	0xcb
 587 00cb 07       		.uleb128 0x7
 588 00cc 8D000000 		.4byte	0x8d
 589 00d0 06       		.uleb128 0x6
 590 00d1 0E000000 		.4byte	.LASF19
 591 00d5 03       		.byte	0x3
 592 00d6 9002     		.2byte	0x290
 593 00d8 DC000000 		.4byte	0xdc
 594 00dc 07       		.uleb128 0x7
 595 00dd A5000000 		.4byte	0xa5
 596 00e1 08       		.uleb128 0x8
 597 00e2 AB000000 		.4byte	.LASF20
 598 00e6 01       		.byte	0x1
 599 00e7 4B       		.byte	0x4b
 600 00e8 00000000 		.4byte	.LFB2
 601 00ec 0C000000 		.4byte	.LFE2-.LFB2
 602 00f0 01       		.uleb128 0x1
 603 00f1 9C       		.byte	0x9c
 604 00f2 2E010000 		.4byte	0x12e
 605 00f6 09       		.uleb128 0x9
 606 00f7 7300     		.ascii	"s\000"
 607 00f9 01       		.byte	0x1
 608 00fa 4B       		.byte	0x4b
 609 00fb 84000000 		.4byte	0x84
 610 00ff 00000000 		.4byte	.LLST0
 611 0103 09       		.uleb128 0x9
 612 0104 6E00     		.ascii	"n\000"
 613 0106 01       		.byte	0x1
 614 0107 4B       		.byte	0x4b
 615 0108 2C000000 		.4byte	0x2c
 616 010c 21000000 		.4byte	.LLST1
 617 0110 0A       		.uleb128 0xa
 618 0111 0A000000 		.4byte	.LVL2
 619 0115 EE020000 		.4byte	0x2ee
 620 0119 0B       		.uleb128 0xb
 621 011a 01       		.uleb128 0x1
 622 011b 50       		.byte	0x50
 623 011c 03       		.uleb128 0x3
 624 011d F3       		.byte	0xf3
 625 011e 01       		.uleb128 0x1
 626 011f 50       		.byte	0x50
 627 0120 0B       		.uleb128 0xb
 628 0121 01       		.uleb128 0x1
 629 0122 51       		.byte	0x51
 630 0123 01       		.uleb128 0x1
 631 0124 30       		.byte	0x30
 632 0125 0B       		.uleb128 0xb
 633 0126 01       		.uleb128 0x1
 634 0127 52       		.byte	0x52
 635 0128 03       		.uleb128 0x3
 636 0129 F3       		.byte	0xf3
 637 012a 01       		.uleb128 0x1
ARM GAS  C:\Users\sergio\AppData\Local\Temp\ccCx8xur.s 			page 19


 638 012b 51       		.byte	0x51
 639 012c 00       		.byte	0
 640 012d 00       		.byte	0
 641 012e 08       		.uleb128 0x8
 642 012f 3C000000 		.4byte	.LASF21
 643 0133 01       		.byte	0x1
 644 0134 A9       		.byte	0xa9
 645 0135 00000000 		.4byte	.LFB5
 646 0139 10010000 		.4byte	.LFE5-.LFB5
 647 013d 01       		.uleb128 0x1
 648 013e 9C       		.byte	0x9c
 649 013f B1010000 		.4byte	0x1b1
 650 0143 0C       		.uleb128 0xc
 651 0144 0C000000 		.4byte	.LVL3
 652 0148 F7020000 		.4byte	0x2f7
 653 014c 0D       		.uleb128 0xd
 654 014d 12000000 		.4byte	.LVL4
 655 0151 02030000 		.4byte	0x302
 656 0155 63010000 		.4byte	0x163
 657 0159 0B       		.uleb128 0xb
 658 015a 01       		.uleb128 0x1
 659 015b 50       		.byte	0x50
 660 015c 05       		.uleb128 0x5
 661 015d 0C       		.byte	0xc
 662 015e 001BB700 		.4byte	0xb71b00
 663 0162 00       		.byte	0
 664 0163 0D       		.uleb128 0xd
 665 0164 18000000 		.4byte	.LVL5
 666 0168 0D030000 		.4byte	0x30d
 667 016c 76010000 		.4byte	0x176
 668 0170 0B       		.uleb128 0xb
 669 0171 01       		.uleb128 0x1
 670 0172 50       		.byte	0x50
 671 0173 01       		.uleb128 0x1
 672 0174 31       		.byte	0x31
 673 0175 00       		.byte	0
 674 0176 0D       		.uleb128 0xd
 675 0177 1E000000 		.4byte	.LVL6
 676 017b 18030000 		.4byte	0x318
 677 017f 8A010000 		.4byte	0x18a
 678 0183 0B       		.uleb128 0xb
 679 0184 01       		.uleb128 0x1
 680 0185 50       		.byte	0x50
 681 0186 02       		.uleb128 0x2
 682 0187 08       		.byte	0x8
 683 0188 30       		.byte	0x30
 684 0189 00       		.byte	0
 685 018a 0D       		.uleb128 0xd
 686 018b 54000000 		.4byte	.LVL7
 687 018f 23030000 		.4byte	0x323
 688 0193 9F010000 		.4byte	0x19f
 689 0197 0B       		.uleb128 0xb
 690 0198 01       		.uleb128 0x1
 691 0199 50       		.byte	0x50
 692 019a 03       		.uleb128 0x3
 693 019b 0A       		.byte	0xa
 694 019c D007     		.2byte	0x7d0
ARM GAS  C:\Users\sergio\AppData\Local\Temp\ccCx8xur.s 			page 20


 695 019e 00       		.byte	0
 696 019f 0A       		.uleb128 0xa
 697 01a0 5A000000 		.4byte	.LVL8
 698 01a4 2E030000 		.4byte	0x32e
 699 01a8 0B       		.uleb128 0xb
 700 01a9 01       		.uleb128 0x1
 701 01aa 50       		.byte	0x50
 702 01ab 03       		.uleb128 0x3
 703 01ac 0A       		.byte	0xa
 704 01ad DC05     		.2byte	0x5dc
 705 01af 00       		.byte	0
 706 01b0 00       		.byte	0
 707 01b1 0E       		.uleb128 0xe
 708 01b2 B5000000 		.4byte	.LASF24
 709 01b6 01       		.byte	0x1
 710 01b7 1001     		.2byte	0x110
 711 01b9 00000000 		.4byte	.LFB7
 712 01bd 20000000 		.4byte	.LFE7-.LFB7
 713 01c1 01       		.uleb128 0x1
 714 01c2 9C       		.byte	0x9c
 715 01c3 E6010000 		.4byte	0x1e6
 716 01c7 0F       		.uleb128 0xf
 717 01c8 00020000 		.4byte	.LASF22
 718 01cc 01       		.byte	0x1
 719 01cd 1001     		.2byte	0x110
 720 01cf 8D000000 		.4byte	0x8d
 721 01d3 01       		.uleb128 0x1
 722 01d4 50       		.byte	0x50
 723 01d5 10       		.uleb128 0x10
 724 01d6 A7020000 		.4byte	.LASF29
 725 01da 01       		.byte	0x1
 726 01db 1201     		.2byte	0x112
 727 01dd A5000000 		.4byte	0xa5
 728 01e1 4D000000 		.4byte	.LLST2
 729 01e5 00       		.byte	0
 730 01e6 08       		.uleb128 0x8
 731 01e7 1B000000 		.4byte	.LASF23
 732 01eb 01       		.byte	0x1
 733 01ec F5       		.byte	0xf5
 734 01ed 00000000 		.4byte	.LFB6
 735 01f1 3C000000 		.4byte	.LFE6-.LFB6
 736 01f5 01       		.uleb128 0x1
 737 01f6 9C       		.byte	0x9c
 738 01f7 0B020000 		.4byte	0x20b
 739 01fb 0A       		.uleb128 0xa
 740 01fc 26000000 		.4byte	.LVL14
 741 0200 B1010000 		.4byte	0x1b1
 742 0204 0B       		.uleb128 0xb
 743 0205 01       		.uleb128 0x1
 744 0206 50       		.byte	0x50
 745 0207 01       		.uleb128 0x1
 746 0208 31       		.byte	0x31
 747 0209 00       		.byte	0
 748 020a 00       		.byte	0
 749 020b 0E       		.uleb128 0xe
 750 020c E7000000 		.4byte	.LASF25
 751 0210 01       		.byte	0x1
ARM GAS  C:\Users\sergio\AppData\Local\Temp\ccCx8xur.s 			page 21


 752 0211 3201     		.2byte	0x132
 753 0213 10010000 		.4byte	.LFB8
 754 0217 EC000000 		.4byte	.LFE8-.LFB8
 755 021b 01       		.uleb128 0x1
 756 021c 9C       		.byte	0x9c
 757 021d EE020000 		.4byte	0x2ee
 758 0221 11       		.uleb128 0x11
 759 0222 1A010000 		.4byte	.LBB2
 760 0226 4E000000 		.4byte	.LBE2-.LBB2
 761 022a DB020000 		.4byte	0x2db
 762 022e 12       		.uleb128 0x12
 763 022f 06       		.byte	0x6
 764 0230 01       		.byte	0x1
 765 0231 3B01     		.2byte	0x13b
 766 0233 52020000 		.4byte	0x252
 767 0237 13       		.uleb128 0x13
 768 0238 0F010000 		.4byte	.LASF26
 769 023c 01       		.byte	0x1
 770 023d 3C01     		.2byte	0x13c
 771 023f 84000000 		.4byte	0x84
 772 0243 00       		.byte	0
 773 0244 13       		.uleb128 0x13
 774 0245 60000000 		.4byte	.LASF27
 775 0249 01       		.byte	0x1
 776 024a 3D01     		.2byte	0x13d
 777 024c 99000000 		.4byte	0x99
 778 0250 04       		.byte	0x4
 779 0251 00       		.byte	0
 780 0252 06       		.uleb128 0x6
 781 0253 BC010000 		.4byte	.LASF28
 782 0257 01       		.byte	0x1
 783 0258 3E01     		.2byte	0x13e
 784 025a 2E020000 		.4byte	0x22e
 785 025e 14       		.uleb128 0x14
 786 025f 6E020000 		.4byte	0x26e
 787 0263 6E020000 		.4byte	0x26e
 788 0267 15       		.uleb128 0x15
 789 0268 7D000000 		.4byte	0x7d
 790 026c 01       		.byte	0x1
 791 026d 00       		.byte	0
 792 026e 16       		.uleb128 0x16
 793 026f 52020000 		.4byte	0x252
 794 0273 17       		.uleb128 0x17
 795 0274 2C000000 		.4byte	.LASF30
 796 0278 01       		.byte	0x1
 797 0279 4001     		.2byte	0x140
 798 027b 85020000 		.4byte	0x285
 799 027f 05       		.uleb128 0x5
 800 0280 03       		.byte	0x3
 801 0281 00000000 		.4byte	cfg_memset_list.4893
 802 0285 16       		.uleb128 0x16
 803 0286 5E020000 		.4byte	0x25e
 804 028a 18       		.uleb128 0x18
 805 028b 6900     		.ascii	"i\000"
 806 028d 01       		.byte	0x1
 807 028e 4601     		.2byte	0x146
 808 0290 8D000000 		.4byte	0x8d
ARM GAS  C:\Users\sergio\AppData\Local\Temp\ccCx8xur.s 			page 22


 809 0294 6B000000 		.4byte	.LLST3
 810 0298 19       		.uleb128 0x19
 811 0299 1E010000 		.4byte	.LBB3
 812 029d 1C000000 		.4byte	.LBE3-.LBB3
 813 02a1 18       		.uleb128 0x18
 814 02a2 6D7300   		.ascii	"ms\000"
 815 02a5 01       		.byte	0x1
 816 02a6 4B01     		.2byte	0x14b
 817 02a8 B0020000 		.4byte	0x2b0
 818 02ac 95000000 		.4byte	.LLST4
 819 02b0 1A       		.uleb128 0x1a
 820 02b1 04       		.byte	0x4
 821 02b2 6E020000 		.4byte	0x26e
 822 02b6 0A       		.uleb128 0xa
 823 02b7 3A010000 		.4byte	.LVL17
 824 02bb E1000000 		.4byte	0xe1
 825 02bf 0B       		.uleb128 0xb
 826 02c0 01       		.uleb128 0x1
 827 02c1 51       		.byte	0x51
 828 02c2 15       		.uleb128 0x15
 829 02c3 74       		.byte	0x74
 830 02c4 00       		.sleb128 0
 831 02c5 31       		.byte	0x31
 832 02c6 24       		.byte	0x24
 833 02c7 74       		.byte	0x74
 834 02c8 00       		.sleb128 0
 835 02c9 22       		.byte	0x22
 836 02ca 31       		.byte	0x31
 837 02cb 24       		.byte	0x24
 838 02cc 03       		.byte	0x3
 839 02cd 04000000 		.4byte	.LANCHOR0+4
 840 02d1 22       		.byte	0x22
 841 02d2 94       		.byte	0x94
 842 02d3 02       		.byte	0x2
 843 02d4 0A       		.byte	0xa
 844 02d5 FFFF     		.2byte	0xffff
 845 02d7 1A       		.byte	0x1a
 846 02d8 00       		.byte	0
 847 02d9 00       		.byte	0
 848 02da 00       		.byte	0
 849 02db 0C       		.uleb128 0xc
 850 02dc A8010000 		.4byte	.LVL20
 851 02e0 2E010000 		.4byte	0x12e
 852 02e4 0C       		.uleb128 0xc
 853 02e5 AC010000 		.4byte	.LVL21
 854 02e9 E6010000 		.4byte	0x1e6
 855 02ed 00       		.byte	0
 856 02ee 1B       		.uleb128 0x1b
 857 02ef D9000000 		.4byte	.LASF40
 858 02f3 D9000000 		.4byte	.LASF40
 859 02f7 1C       		.uleb128 0x1c
 860 02f8 9A000000 		.4byte	.LASF31
 861 02fc 9A000000 		.4byte	.LASF31
 862 0300 04       		.byte	0x4
 863 0301 4E       		.byte	0x4e
 864 0302 1C       		.uleb128 0x1c
 865 0303 00000000 		.4byte	.LASF32
ARM GAS  C:\Users\sergio\AppData\Local\Temp\ccCx8xur.s 			page 23


 866 0307 00000000 		.4byte	.LASF32
 867 030b 05       		.byte	0x5
 868 030c DC       		.byte	0xdc
 869 030d 1C       		.uleb128 0x1c
 870 030e 65000000 		.4byte	.LASF33
 871 0312 65000000 		.4byte	.LASF33
 872 0316 04       		.byte	0x4
 873 0317 50       		.byte	0x50
 874 0318 1C       		.uleb128 0x1c
 875 0319 12020000 		.4byte	.LASF34
 876 031d 12020000 		.4byte	.LASF34
 877 0321 05       		.byte	0x5
 878 0322 6C       		.byte	0x6c
 879 0323 1C       		.uleb128 0x1c
 880 0324 EF010000 		.4byte	.LASF35
 881 0328 EF010000 		.4byte	.LASF35
 882 032c 05       		.byte	0x5
 883 032d 84       		.byte	0x84
 884 032e 1C       		.uleb128 0x1c
 885 032f E0010000 		.4byte	.LASF36
 886 0333 E0010000 		.4byte	.LASF36
 887 0337 05       		.byte	0x5
 888 0338 DA       		.byte	0xda
 889 0339 00       		.byte	0
 890              		.section	.debug_abbrev,"",%progbits
 891              	.Ldebug_abbrev0:
 892 0000 01       		.uleb128 0x1
 893 0001 11       		.uleb128 0x11
 894 0002 01       		.byte	0x1
 895 0003 25       		.uleb128 0x25
 896 0004 0E       		.uleb128 0xe
 897 0005 13       		.uleb128 0x13
 898 0006 0B       		.uleb128 0xb
 899 0007 03       		.uleb128 0x3
 900 0008 0E       		.uleb128 0xe
 901 0009 1B       		.uleb128 0x1b
 902 000a 0E       		.uleb128 0xe
 903 000b 55       		.uleb128 0x55
 904 000c 17       		.uleb128 0x17
 905 000d 11       		.uleb128 0x11
 906 000e 01       		.uleb128 0x1
 907 000f 10       		.uleb128 0x10
 908 0010 17       		.uleb128 0x17
 909 0011 00       		.byte	0
 910 0012 00       		.byte	0
 911 0013 02       		.uleb128 0x2
 912 0014 24       		.uleb128 0x24
 913 0015 00       		.byte	0
 914 0016 0B       		.uleb128 0xb
 915 0017 0B       		.uleb128 0xb
 916 0018 3E       		.uleb128 0x3e
 917 0019 0B       		.uleb128 0xb
 918 001a 03       		.uleb128 0x3
 919 001b 08       		.uleb128 0x8
 920 001c 00       		.byte	0
 921 001d 00       		.byte	0
 922 001e 03       		.uleb128 0x3
ARM GAS  C:\Users\sergio\AppData\Local\Temp\ccCx8xur.s 			page 24


 923 001f 16       		.uleb128 0x16
 924 0020 00       		.byte	0
 925 0021 03       		.uleb128 0x3
 926 0022 0E       		.uleb128 0xe
 927 0023 3A       		.uleb128 0x3a
 928 0024 0B       		.uleb128 0xb
 929 0025 3B       		.uleb128 0x3b
 930 0026 0B       		.uleb128 0xb
 931 0027 49       		.uleb128 0x49
 932 0028 13       		.uleb128 0x13
 933 0029 00       		.byte	0
 934 002a 00       		.byte	0
 935 002b 04       		.uleb128 0x4
 936 002c 24       		.uleb128 0x24
 937 002d 00       		.byte	0
 938 002e 0B       		.uleb128 0xb
 939 002f 0B       		.uleb128 0xb
 940 0030 3E       		.uleb128 0x3e
 941 0031 0B       		.uleb128 0xb
 942 0032 03       		.uleb128 0x3
 943 0033 0E       		.uleb128 0xe
 944 0034 00       		.byte	0
 945 0035 00       		.byte	0
 946 0036 05       		.uleb128 0x5
 947 0037 0F       		.uleb128 0xf
 948 0038 00       		.byte	0
 949 0039 0B       		.uleb128 0xb
 950 003a 0B       		.uleb128 0xb
 951 003b 00       		.byte	0
 952 003c 00       		.byte	0
 953 003d 06       		.uleb128 0x6
 954 003e 16       		.uleb128 0x16
 955 003f 00       		.byte	0
 956 0040 03       		.uleb128 0x3
 957 0041 0E       		.uleb128 0xe
 958 0042 3A       		.uleb128 0x3a
 959 0043 0B       		.uleb128 0xb
 960 0044 3B       		.uleb128 0x3b
 961 0045 05       		.uleb128 0x5
 962 0046 49       		.uleb128 0x49
 963 0047 13       		.uleb128 0x13
 964 0048 00       		.byte	0
 965 0049 00       		.byte	0
 966 004a 07       		.uleb128 0x7
 967 004b 35       		.uleb128 0x35
 968 004c 00       		.byte	0
 969 004d 49       		.uleb128 0x49
 970 004e 13       		.uleb128 0x13
 971 004f 00       		.byte	0
 972 0050 00       		.byte	0
 973 0051 08       		.uleb128 0x8
 974 0052 2E       		.uleb128 0x2e
 975 0053 01       		.byte	0x1
 976 0054 03       		.uleb128 0x3
 977 0055 0E       		.uleb128 0xe
 978 0056 3A       		.uleb128 0x3a
 979 0057 0B       		.uleb128 0xb
ARM GAS  C:\Users\sergio\AppData\Local\Temp\ccCx8xur.s 			page 25


 980 0058 3B       		.uleb128 0x3b
 981 0059 0B       		.uleb128 0xb
 982 005a 27       		.uleb128 0x27
 983 005b 19       		.uleb128 0x19
 984 005c 11       		.uleb128 0x11
 985 005d 01       		.uleb128 0x1
 986 005e 12       		.uleb128 0x12
 987 005f 06       		.uleb128 0x6
 988 0060 40       		.uleb128 0x40
 989 0061 18       		.uleb128 0x18
 990 0062 9742     		.uleb128 0x2117
 991 0064 19       		.uleb128 0x19
 992 0065 01       		.uleb128 0x1
 993 0066 13       		.uleb128 0x13
 994 0067 00       		.byte	0
 995 0068 00       		.byte	0
 996 0069 09       		.uleb128 0x9
 997 006a 05       		.uleb128 0x5
 998 006b 00       		.byte	0
 999 006c 03       		.uleb128 0x3
 1000 006d 08       		.uleb128 0x8
 1001 006e 3A       		.uleb128 0x3a
 1002 006f 0B       		.uleb128 0xb
 1003 0070 3B       		.uleb128 0x3b
 1004 0071 0B       		.uleb128 0xb
 1005 0072 49       		.uleb128 0x49
 1006 0073 13       		.uleb128 0x13
 1007 0074 02       		.uleb128 0x2
 1008 0075 17       		.uleb128 0x17
 1009 0076 00       		.byte	0
 1010 0077 00       		.byte	0
 1011 0078 0A       		.uleb128 0xa
 1012 0079 898201   		.uleb128 0x4109
 1013 007c 01       		.byte	0x1
 1014 007d 11       		.uleb128 0x11
 1015 007e 01       		.uleb128 0x1
 1016 007f 31       		.uleb128 0x31
 1017 0080 13       		.uleb128 0x13
 1018 0081 00       		.byte	0
 1019 0082 00       		.byte	0
 1020 0083 0B       		.uleb128 0xb
 1021 0084 8A8201   		.uleb128 0x410a
 1022 0087 00       		.byte	0
 1023 0088 02       		.uleb128 0x2
 1024 0089 18       		.uleb128 0x18
 1025 008a 9142     		.uleb128 0x2111
 1026 008c 18       		.uleb128 0x18
 1027 008d 00       		.byte	0
 1028 008e 00       		.byte	0
 1029 008f 0C       		.uleb128 0xc
 1030 0090 898201   		.uleb128 0x4109
 1031 0093 00       		.byte	0
 1032 0094 11       		.uleb128 0x11
 1033 0095 01       		.uleb128 0x1
 1034 0096 31       		.uleb128 0x31
 1035 0097 13       		.uleb128 0x13
 1036 0098 00       		.byte	0
ARM GAS  C:\Users\sergio\AppData\Local\Temp\ccCx8xur.s 			page 26


 1037 0099 00       		.byte	0
 1038 009a 0D       		.uleb128 0xd
 1039 009b 898201   		.uleb128 0x4109
 1040 009e 01       		.byte	0x1
 1041 009f 11       		.uleb128 0x11
 1042 00a0 01       		.uleb128 0x1
 1043 00a1 31       		.uleb128 0x31
 1044 00a2 13       		.uleb128 0x13
 1045 00a3 01       		.uleb128 0x1
 1046 00a4 13       		.uleb128 0x13
 1047 00a5 00       		.byte	0
 1048 00a6 00       		.byte	0
 1049 00a7 0E       		.uleb128 0xe
 1050 00a8 2E       		.uleb128 0x2e
 1051 00a9 01       		.byte	0x1
 1052 00aa 3F       		.uleb128 0x3f
 1053 00ab 19       		.uleb128 0x19
 1054 00ac 03       		.uleb128 0x3
 1055 00ad 0E       		.uleb128 0xe
 1056 00ae 3A       		.uleb128 0x3a
 1057 00af 0B       		.uleb128 0xb
 1058 00b0 3B       		.uleb128 0x3b
 1059 00b1 05       		.uleb128 0x5
 1060 00b2 27       		.uleb128 0x27
 1061 00b3 19       		.uleb128 0x19
 1062 00b4 11       		.uleb128 0x11
 1063 00b5 01       		.uleb128 0x1
 1064 00b6 12       		.uleb128 0x12
 1065 00b7 06       		.uleb128 0x6
 1066 00b8 40       		.uleb128 0x40
 1067 00b9 18       		.uleb128 0x18
 1068 00ba 9742     		.uleb128 0x2117
 1069 00bc 19       		.uleb128 0x19
 1070 00bd 01       		.uleb128 0x1
 1071 00be 13       		.uleb128 0x13
 1072 00bf 00       		.byte	0
 1073 00c0 00       		.byte	0
 1074 00c1 0F       		.uleb128 0xf
 1075 00c2 05       		.uleb128 0x5
 1076 00c3 00       		.byte	0
 1077 00c4 03       		.uleb128 0x3
 1078 00c5 0E       		.uleb128 0xe
 1079 00c6 3A       		.uleb128 0x3a
 1080 00c7 0B       		.uleb128 0xb
 1081 00c8 3B       		.uleb128 0x3b
 1082 00c9 05       		.uleb128 0x5
 1083 00ca 49       		.uleb128 0x49
 1084 00cb 13       		.uleb128 0x13
 1085 00cc 02       		.uleb128 0x2
 1086 00cd 18       		.uleb128 0x18
 1087 00ce 00       		.byte	0
 1088 00cf 00       		.byte	0
 1089 00d0 10       		.uleb128 0x10
 1090 00d1 34       		.uleb128 0x34
 1091 00d2 00       		.byte	0
 1092 00d3 03       		.uleb128 0x3
 1093 00d4 0E       		.uleb128 0xe
ARM GAS  C:\Users\sergio\AppData\Local\Temp\ccCx8xur.s 			page 27


 1094 00d5 3A       		.uleb128 0x3a
 1095 00d6 0B       		.uleb128 0xb
 1096 00d7 3B       		.uleb128 0x3b
 1097 00d8 05       		.uleb128 0x5
 1098 00d9 49       		.uleb128 0x49
 1099 00da 13       		.uleb128 0x13
 1100 00db 02       		.uleb128 0x2
 1101 00dc 17       		.uleb128 0x17
 1102 00dd 00       		.byte	0
 1103 00de 00       		.byte	0
 1104 00df 11       		.uleb128 0x11
 1105 00e0 0B       		.uleb128 0xb
 1106 00e1 01       		.byte	0x1
 1107 00e2 11       		.uleb128 0x11
 1108 00e3 01       		.uleb128 0x1
 1109 00e4 12       		.uleb128 0x12
 1110 00e5 06       		.uleb128 0x6
 1111 00e6 01       		.uleb128 0x1
 1112 00e7 13       		.uleb128 0x13
 1113 00e8 00       		.byte	0
 1114 00e9 00       		.byte	0
 1115 00ea 12       		.uleb128 0x12
 1116 00eb 13       		.uleb128 0x13
 1117 00ec 01       		.byte	0x1
 1118 00ed 0B       		.uleb128 0xb
 1119 00ee 0B       		.uleb128 0xb
 1120 00ef 3A       		.uleb128 0x3a
 1121 00f0 0B       		.uleb128 0xb
 1122 00f1 3B       		.uleb128 0x3b
 1123 00f2 05       		.uleb128 0x5
 1124 00f3 01       		.uleb128 0x1
 1125 00f4 13       		.uleb128 0x13
 1126 00f5 00       		.byte	0
 1127 00f6 00       		.byte	0
 1128 00f7 13       		.uleb128 0x13
 1129 00f8 0D       		.uleb128 0xd
 1130 00f9 00       		.byte	0
 1131 00fa 03       		.uleb128 0x3
 1132 00fb 0E       		.uleb128 0xe
 1133 00fc 3A       		.uleb128 0x3a
 1134 00fd 0B       		.uleb128 0xb
 1135 00fe 3B       		.uleb128 0x3b
 1136 00ff 05       		.uleb128 0x5
 1137 0100 49       		.uleb128 0x49
 1138 0101 13       		.uleb128 0x13
 1139 0102 38       		.uleb128 0x38
 1140 0103 0B       		.uleb128 0xb
 1141 0104 00       		.byte	0
 1142 0105 00       		.byte	0
 1143 0106 14       		.uleb128 0x14
 1144 0107 01       		.uleb128 0x1
 1145 0108 01       		.byte	0x1
 1146 0109 49       		.uleb128 0x49
 1147 010a 13       		.uleb128 0x13
 1148 010b 01       		.uleb128 0x1
 1149 010c 13       		.uleb128 0x13
 1150 010d 00       		.byte	0
ARM GAS  C:\Users\sergio\AppData\Local\Temp\ccCx8xur.s 			page 28


 1151 010e 00       		.byte	0
 1152 010f 15       		.uleb128 0x15
 1153 0110 21       		.uleb128 0x21
 1154 0111 00       		.byte	0
 1155 0112 49       		.uleb128 0x49
 1156 0113 13       		.uleb128 0x13
 1157 0114 2F       		.uleb128 0x2f
 1158 0115 0B       		.uleb128 0xb
 1159 0116 00       		.byte	0
 1160 0117 00       		.byte	0
 1161 0118 16       		.uleb128 0x16
 1162 0119 26       		.uleb128 0x26
 1163 011a 00       		.byte	0
 1164 011b 49       		.uleb128 0x49
 1165 011c 13       		.uleb128 0x13
 1166 011d 00       		.byte	0
 1167 011e 00       		.byte	0
 1168 011f 17       		.uleb128 0x17
 1169 0120 34       		.uleb128 0x34
 1170 0121 00       		.byte	0
 1171 0122 03       		.uleb128 0x3
 1172 0123 0E       		.uleb128 0xe
 1173 0124 3A       		.uleb128 0x3a
 1174 0125 0B       		.uleb128 0xb
 1175 0126 3B       		.uleb128 0x3b
 1176 0127 05       		.uleb128 0x5
 1177 0128 49       		.uleb128 0x49
 1178 0129 13       		.uleb128 0x13
 1179 012a 02       		.uleb128 0x2
 1180 012b 18       		.uleb128 0x18
 1181 012c 00       		.byte	0
 1182 012d 00       		.byte	0
 1183 012e 18       		.uleb128 0x18
 1184 012f 34       		.uleb128 0x34
 1185 0130 00       		.byte	0
 1186 0131 03       		.uleb128 0x3
 1187 0132 08       		.uleb128 0x8
 1188 0133 3A       		.uleb128 0x3a
 1189 0134 0B       		.uleb128 0xb
 1190 0135 3B       		.uleb128 0x3b
 1191 0136 05       		.uleb128 0x5
 1192 0137 49       		.uleb128 0x49
 1193 0138 13       		.uleb128 0x13
 1194 0139 02       		.uleb128 0x2
 1195 013a 17       		.uleb128 0x17
 1196 013b 00       		.byte	0
 1197 013c 00       		.byte	0
 1198 013d 19       		.uleb128 0x19
 1199 013e 0B       		.uleb128 0xb
 1200 013f 01       		.byte	0x1
 1201 0140 11       		.uleb128 0x11
 1202 0141 01       		.uleb128 0x1
 1203 0142 12       		.uleb128 0x12
 1204 0143 06       		.uleb128 0x6
 1205 0144 00       		.byte	0
 1206 0145 00       		.byte	0
 1207 0146 1A       		.uleb128 0x1a
ARM GAS  C:\Users\sergio\AppData\Local\Temp\ccCx8xur.s 			page 29


 1208 0147 0F       		.uleb128 0xf
 1209 0148 00       		.byte	0
 1210 0149 0B       		.uleb128 0xb
 1211 014a 0B       		.uleb128 0xb
 1212 014b 49       		.uleb128 0x49
 1213 014c 13       		.uleb128 0x13
 1214 014d 00       		.byte	0
 1215 014e 00       		.byte	0
 1216 014f 1B       		.uleb128 0x1b
 1217 0150 2E       		.uleb128 0x2e
 1218 0151 00       		.byte	0
 1219 0152 3F       		.uleb128 0x3f
 1220 0153 19       		.uleb128 0x19
 1221 0154 3C       		.uleb128 0x3c
 1222 0155 19       		.uleb128 0x19
 1223 0156 6E       		.uleb128 0x6e
 1224 0157 0E       		.uleb128 0xe
 1225 0158 03       		.uleb128 0x3
 1226 0159 0E       		.uleb128 0xe
 1227 015a 00       		.byte	0
 1228 015b 00       		.byte	0
 1229 015c 1C       		.uleb128 0x1c
 1230 015d 2E       		.uleb128 0x2e
 1231 015e 00       		.byte	0
 1232 015f 3F       		.uleb128 0x3f
 1233 0160 19       		.uleb128 0x19
 1234 0161 3C       		.uleb128 0x3c
 1235 0162 19       		.uleb128 0x19
 1236 0163 6E       		.uleb128 0x6e
 1237 0164 0E       		.uleb128 0xe
 1238 0165 03       		.uleb128 0x3
 1239 0166 0E       		.uleb128 0xe
 1240 0167 3A       		.uleb128 0x3a
 1241 0168 0B       		.uleb128 0xb
 1242 0169 3B       		.uleb128 0x3b
 1243 016a 0B       		.uleb128 0xb
 1244 016b 00       		.byte	0
 1245 016c 00       		.byte	0
 1246 016d 00       		.byte	0
 1247              		.section	.debug_loc,"",%progbits
 1248              	.Ldebug_loc0:
 1249              	.LLST0:
 1250 0000 00000000 		.4byte	.LVL0
 1251 0004 09000000 		.4byte	.LVL2-1
 1252 0008 0100     		.2byte	0x1
 1253 000a 50       		.byte	0x50
 1254 000b 09000000 		.4byte	.LVL2-1
 1255 000f 0C000000 		.4byte	.LFE2
 1256 0013 0400     		.2byte	0x4
 1257 0015 F3       		.byte	0xf3
 1258 0016 01       		.uleb128 0x1
 1259 0017 50       		.byte	0x50
 1260 0018 9F       		.byte	0x9f
 1261 0019 00000000 		.4byte	0
 1262 001d 00000000 		.4byte	0
 1263              	.LLST1:
 1264 0021 00000000 		.4byte	.LVL0
ARM GAS  C:\Users\sergio\AppData\Local\Temp\ccCx8xur.s 			page 30


 1265 0025 06000000 		.4byte	.LVL1
 1266 0029 0100     		.2byte	0x1
 1267 002b 51       		.byte	0x51
 1268 002c 06000000 		.4byte	.LVL1
 1269 0030 09000000 		.4byte	.LVL2-1
 1270 0034 0100     		.2byte	0x1
 1271 0036 52       		.byte	0x52
 1272 0037 09000000 		.4byte	.LVL2-1
 1273 003b 0C000000 		.4byte	.LFE2
 1274 003f 0400     		.2byte	0x4
 1275 0041 F3       		.byte	0xf3
 1276 0042 01       		.uleb128 0x1
 1277 0043 51       		.byte	0x51
 1278 0044 9F       		.byte	0x9f
 1279 0045 00000000 		.4byte	0
 1280 0049 00000000 		.4byte	0
 1281              	.LLST2:
 1282 004d 04000000 		.4byte	.LVL10
 1283 0051 12000000 		.4byte	.LVL12
 1284 0055 0100     		.2byte	0x1
 1285 0057 53       		.byte	0x53
 1286 0058 14000000 		.4byte	.LVL13
 1287 005c 20000000 		.4byte	.LFE7
 1288 0060 0100     		.2byte	0x1
 1289 0062 53       		.byte	0x53
 1290 0063 00000000 		.4byte	0
 1291 0067 00000000 		.4byte	0
 1292              	.LLST3:
 1293 006b 1A010000 		.4byte	.LVL15
 1294 006f 1E010000 		.4byte	.LVL16
 1295 0073 0200     		.2byte	0x2
 1296 0075 30       		.byte	0x30
 1297 0076 9F       		.byte	0x9f
 1298 0077 1E010000 		.4byte	.LVL16
 1299 007b 3C010000 		.4byte	.LVL18
 1300 007f 0100     		.2byte	0x1
 1301 0081 54       		.byte	0x54
 1302 0082 3E010000 		.4byte	.LVL19
 1303 0086 AC010000 		.4byte	.LVL22
 1304 008a 0100     		.2byte	0x1
 1305 008c 54       		.byte	0x54
 1306 008d 00000000 		.4byte	0
 1307 0091 00000000 		.4byte	0
 1308              	.LLST4:
 1309 0095 1E010000 		.4byte	.LVL16
 1310 0099 3C010000 		.4byte	.LVL18
 1311 009d 0B00     		.2byte	0xb
 1312 009f 74       		.byte	0x74
 1313 00a0 00       		.sleb128 0
 1314 00a1 36       		.byte	0x36
 1315 00a2 1E       		.byte	0x1e
 1316 00a3 03       		.byte	0x3
 1317 00a4 00000000 		.4byte	cfg_memset_list.4893
 1318 00a8 22       		.byte	0x22
 1319 00a9 9F       		.byte	0x9f
 1320 00aa 3C010000 		.4byte	.LVL18
 1321 00ae 3E010000 		.4byte	.LVL19
ARM GAS  C:\Users\sergio\AppData\Local\Temp\ccCx8xur.s 			page 31


 1322 00b2 0B00     		.2byte	0xb
 1323 00b4 74       		.byte	0x74
 1324 00b5 7F       		.sleb128 -1
 1325 00b6 36       		.byte	0x36
 1326 00b7 1E       		.byte	0x1e
 1327 00b8 03       		.byte	0x3
 1328 00b9 00000000 		.4byte	cfg_memset_list.4893
 1329 00bd 22       		.byte	0x22
 1330 00be 9F       		.byte	0x9f
 1331 00bf 00000000 		.4byte	0
 1332 00c3 00000000 		.4byte	0
 1333              		.section	.debug_aranges,"",%progbits
 1334 0000 3C000000 		.4byte	0x3c
 1335 0004 0200     		.2byte	0x2
 1336 0006 00000000 		.4byte	.Ldebug_info0
 1337 000a 04       		.byte	0x4
 1338 000b 00       		.byte	0
 1339 000c 0000     		.2byte	0
 1340 000e 0000     		.2byte	0
 1341 0010 00000000 		.4byte	.LFB2
 1342 0014 0C000000 		.4byte	.LFE2-.LFB2
 1343 0018 00000000 		.4byte	.LFB5
 1344 001c 10010000 		.4byte	.LFE5-.LFB5
 1345 0020 00000000 		.4byte	.LFB7
 1346 0024 20000000 		.4byte	.LFE7-.LFB7
 1347 0028 00000000 		.4byte	.LFB6
 1348 002c 3C000000 		.4byte	.LFE6-.LFB6
 1349 0030 10010000 		.4byte	.LFB8
 1350 0034 EC000000 		.4byte	.LFE8-.LFB8
 1351 0038 00000000 		.4byte	0
 1352 003c 00000000 		.4byte	0
 1353              		.section	.debug_ranges,"",%progbits
 1354              	.Ldebug_ranges0:
 1355 0000 00000000 		.4byte	.LFB2
 1356 0004 0C000000 		.4byte	.LFE2
 1357 0008 00000000 		.4byte	.LFB5
 1358 000c 10010000 		.4byte	.LFE5
 1359 0010 00000000 		.4byte	.LFB7
 1360 0014 20000000 		.4byte	.LFE7
 1361 0018 00000000 		.4byte	.LFB6
 1362 001c 3C000000 		.4byte	.LFE6
 1363 0020 10010000 		.4byte	.LFB8
 1364 0024 FC010000 		.4byte	.LFE8
 1365 0028 00000000 		.4byte	0
 1366 002c 00000000 		.4byte	0
 1367              		.section	.debug_line,"",%progbits
 1368              	.Ldebug_line0:
 1369 0000 85010000 		.section	.debug_str,"MS",%progbits,1
 1369      0200E300 
 1369      00000201 
 1369      FB0E0D00 
 1369      01010101 
 1370              	.LASF32:
 1371 0000 43794465 		.ascii	"CyDelayCycles\000"
 1371      6C617943 
 1371      79636C65 
 1371      7300
ARM GAS  C:\Users\sergio\AppData\Local\Temp\ccCx8xur.s 			page 32


 1372              	.LASF19:
 1373 000e 72656733 		.ascii	"reg32\000"
 1373      3200
 1374              	.LASF12:
 1375 0014 73697A65 		.ascii	"size_t\000"
 1375      5F7400
 1376              	.LASF23:
 1377 001b 416E616C 		.ascii	"AnalogSetDefault\000"
 1377      6F675365 
 1377      74446566 
 1377      61756C74 
 1377      00
 1378              	.LASF30:
 1379 002c 6366675F 		.ascii	"cfg_memset_list\000"
 1379      6D656D73 
 1379      65745F6C 
 1379      69737400 
 1380              	.LASF21:
 1381 003c 436C6F63 		.ascii	"ClockSetup\000"
 1381      6B536574 
 1381      757000
 1382              	.LASF6:
 1383 0047 73686F72 		.ascii	"short unsigned int\000"
 1383      7420756E 
 1383      7369676E 
 1383      65642069 
 1383      6E7400
 1384              	.LASF16:
 1385 005a 666C6F61 		.ascii	"float\000"
 1385      7400
 1386              	.LASF27:
 1387 0060 73697A65 		.ascii	"size\000"
 1387      00
 1388              	.LASF33:
 1389 0065 43795379 		.ascii	"CySysClkWcoSetPowerMode\000"
 1389      73436C6B 
 1389      57636F53 
 1389      6574506F 
 1389      7765724D 
 1390              	.LASF18:
 1391 007d 72656738 		.ascii	"reg8\000"
 1391      00
 1392              	.LASF8:
 1393 0082 6C6F6E67 		.ascii	"long unsigned int\000"
 1393      20756E73 
 1393      69676E65 
 1393      6420696E 
 1393      7400
 1394              	.LASF13:
 1395 0094 75696E74 		.ascii	"uint8\000"
 1395      3800
 1396              	.LASF31:
 1397 009a 43795379 		.ascii	"CySysClkWcoStart\000"
 1397      73436C6B 
 1397      57636F53 
 1397      74617274 
 1397      00
ARM GAS  C:\Users\sergio\AppData\Local\Temp\ccCx8xur.s 			page 33


 1398              	.LASF20:
 1399 00ab 43594D45 		.ascii	"CYMEMZERO\000"
 1399      4D5A4552 
 1399      4F00
 1400              	.LASF24:
 1401 00b5 53657441 		.ascii	"SetAnalogRoutingPumps\000"
 1401      6E616C6F 
 1401      67526F75 
 1401      74696E67 
 1401      50756D70 
 1402              	.LASF4:
 1403 00cb 756E7369 		.ascii	"unsigned char\000"
 1403      676E6564 
 1403      20636861 
 1403      7200
 1404              	.LASF40:
 1405 00d9 6D656D73 		.ascii	"memset\000"
 1405      657400
 1406              	.LASF17:
 1407 00e0 646F7562 		.ascii	"double\000"
 1407      6C6500
 1408              	.LASF25:
 1409 00e7 63796669 		.ascii	"cyfitter_cfg\000"
 1409      74746572 
 1409      5F636667 
 1409      00
 1410              	.LASF14:
 1411 00f4 75696E74 		.ascii	"uint16\000"
 1411      313600
 1412              	.LASF15:
 1413 00fb 75696E74 		.ascii	"uint32\000"
 1413      333200
 1414              	.LASF0:
 1415 0102 756E7369 		.ascii	"unsigned int\000"
 1415      676E6564 
 1415      20696E74 
 1415      00
 1416              	.LASF26:
 1417 010f 61646472 		.ascii	"address\000"
 1417      65737300 
 1418              	.LASF9:
 1419 0117 6C6F6E67 		.ascii	"long long unsigned int\000"
 1419      206C6F6E 
 1419      6720756E 
 1419      7369676E 
 1419      65642069 
 1420              	.LASF37:
 1421 012e 474E5520 		.ascii	"GNU C11 5.4.1 20160609 (release) [ARM/embedded-5-br"
 1421      43313120 
 1421      352E342E 
 1421      31203230 
 1421      31363036 
 1422 0161 616E6368 		.ascii	"anch revision 237715] -mcpu=cortex-m0 -mthumb -g -O"
 1422      20726576 
 1422      6973696F 
 1422      6E203233 
 1422      37373135 
ARM GAS  C:\Users\sergio\AppData\Local\Temp\ccCx8xur.s 			page 34


 1423 0194 67202D66 		.ascii	"g -ffunction-sections -ffat-lto-objects\000"
 1423      66756E63 
 1423      74696F6E 
 1423      2D736563 
 1423      74696F6E 
 1424              	.LASF28:
 1425 01bc 6366675F 		.ascii	"cfg_memset_t\000"
 1425      6D656D73 
 1425      65745F74 
 1425      00
 1426              	.LASF10:
 1427 01c9 73697A65 		.ascii	"sizetype\000"
 1427      74797065 
 1427      00
 1428              	.LASF1:
 1429 01d2 6C6F6E67 		.ascii	"long long int\000"
 1429      206C6F6E 
 1429      6720696E 
 1429      7400
 1430              	.LASF36:
 1431 01e0 43794465 		.ascii	"CyDelayUs\000"
 1431      6C617955 
 1431      7300
 1432              	.LASF11:
 1433 01ea 63686172 		.ascii	"char\000"
 1433      00
 1434              	.LASF35:
 1435 01ef 43795379 		.ascii	"CySysClkEcoStart\000"
 1435      73436C6B 
 1435      45636F53 
 1435      74617274 
 1435      00
 1436              	.LASF22:
 1437 0200 656E6162 		.ascii	"enabled\000"
 1437      6C656400 
 1438              	.LASF5:
 1439 0208 73686F72 		.ascii	"short int\000"
 1439      7420696E 
 1439      7400
 1440              	.LASF34:
 1441 0212 43795379 		.ascii	"CySysClkWriteImoFreq\000"
 1441      73436C6B 
 1441      57726974 
 1441      65496D6F 
 1441      46726571 
 1442              	.LASF39:
 1443 0227 433A5C55 		.ascii	"C:\\Users\\sergio\\Documents\\PSoC Creator\\demo\\S"
 1443      73657273 
 1443      5C736572 
 1443      67696F5C 
 1443      446F6375 
 1444 0254 44424C45 		.ascii	"DBLEE.cydsn\000"
 1444      452E6379 
 1444      64736E00 
 1445              	.LASF7:
 1446 0260 6C6F6E67 		.ascii	"long int\000"
 1446      20696E74 
ARM GAS  C:\Users\sergio\AppData\Local\Temp\ccCx8xur.s 			page 35


 1446      00
 1447              	.LASF2:
 1448 0269 6C6F6E67 		.ascii	"long double\000"
 1448      20646F75 
 1448      626C6500 
 1449              	.LASF3:
 1450 0275 7369676E 		.ascii	"signed char\000"
 1450      65642063 
 1450      68617200 
 1451              	.LASF38:
 1452 0281 47656E65 		.ascii	"Generated_Source\\PSoC4\\cyfitter_cfg.c\000"
 1452      72617465 
 1452      645F536F 
 1452      75726365 
 1452      5C50536F 
 1453              	.LASF29:
 1454 02a7 72656756 		.ascii	"regValue\000"
 1454      616C7565 
 1454      00
 1455              		.ident	"GCC: (GNU Tools for ARM Embedded Processors) 5.4.1 20160609 (release) [ARM/embedded-5-bran
